This is XeTeX, Version 3.1415926-2.5-0.9999.3 (MiKTeX 2.9) (preloaded format=xelatex 2015.10.20)  5 DEC 2015 21:04
entering extended mode
**thesis.tex
(C:\Users\sumsum\Documents\GitHub\MA\Dokumente\Thesis\thesis.tex
LaTeX2e <2011/06/27>
Babel <v3.8m> and hyphenation patterns for english, afrikaans, ancientgreek, ar
abic, armenian, assamese, basque, bengali, bokmal, bulgarian, catalan, coptic, 
croatian, czech, danish, dutch, esperanto, estonian, farsi, finnish, french, ga
lician, german, german-x-2013-05-26, greek, gujarati, hindi, hungarian, iceland
ic, indonesian, interlingua, irish, italian, kannada, kurmanji, latin, latvian,
 lithuanian, malayalam, marathi, mongolian, mongolianlmc, monogreek, ngerman, n
german-x-2013-05-26, nynorsk, oriya, panjabi, pinyin, polish, portuguese, roman
ian, russian, sanskrit, serbian, slovak, slovenian, spanish, swedish, swissgerm
an, tamil, telugu, turkish, turkmen, ukenglish, ukrainian, uppersorbian, usengl
ishmax, welsh, loaded.
("C:\Program Files (x86)\MiKTeX 2.9\tex\latex\refman\refart.cls"
Document Class: refart 2006/11/13 v2.0e LaTeX document class
\papermarginwidth=\skip41
("C:\Program Files (x86)\MiKTeX 2.9\tex\latex\base\size11.clo"
File: size11.clo 2007/10/19 v1.4h Standard LaTeX file (size option)
Requested font "cmr10" at 10.95pt
)
\leftmarginwidth=\dimen102
\fullwidth=\dimen103
\emptyfoottopmargin=\dimen104
\emptyheadtopmargin=\dimen105
\c@part=\count80
\c@section=\count81
\c@subsection=\count82
\c@subsubsection=\count83
\c@paragraph=\count84
\c@subparagraph=\count85
\c@figure=\count86
\c@table=\count87
\abovecaptionskip=\skip42
\belowcaptionskip=\skip43
\bibindent=\dimen106
)
(C:\Users\sumsum\Documents\GitHub\MA\Dokumente\Thesis\styles/abschlussarbeit.st
y ("C:\Program Files (x86)\MiKTeX 2.9\tex\latex\base\inputenc.sty"
Package: inputenc 2008/03/30 v1.1d Input encoding file
\inpenc@prehook=\toks14
\inpenc@posthook=\toks15

("C:\Program Files (x86)\MiKTeX 2.9\tex\latex\base\latin1.def"
File: latin1.def 2008/03/30 v1.1d Input encoding file
))
("C:\Program Files (x86)\MiKTeX 2.9\tex\generic\babel\babel.sty"
Package: babel 2008/07/08 v3.8m The Babel package

*************************************
* Local config file bblopts.cfg used
*
("C:\Program Files (x86)\MiKTeX 2.9\tex\latex\00miktex\bblopts.cfg"
File: bblopts.cfg 2006/07/31 v1.0 MiKTeX 'babel' configuration
)
("C:\Program Files (x86)\MiKTeX 2.9\tex\generic\babel\ngermanb.ldf"
Language: ngermanb 2008/07/06 v2.6n new German support from the babel system

("C:\Program Files (x86)\MiKTeX 2.9\tex\generic\babel\babel.def"
File: babel.def 2008/07/08 v3.8m Babel common definitions
\babel@savecnt=\count88
\U@D=\dimen107
)
\l@naustrian = a dialect from \language\l@ngerman 
Package babel Info: Making " an active character on input line 92.
)
("C:\Program Files (x86)\MiKTeX 2.9\tex\generic\babel\english.ldf"
Language: english 2005/03/30 v3.3o English support from the babel system
\l@canadian = a dialect from \language\l@american 
\l@australian = a dialect from \language\l@british 
\l@newzealand = a dialect from \language\l@british 
))
("C:\Program Files (x86)\MiKTeX 2.9\tex\latex\setspace\setspace.sty"
Package: setspace 2011/12/19 v6.7a set line spacing
)
("C:\Program Files (x86)\MiKTeX 2.9\tex\latex\koma-script\scrhack.sty"
Package: scrhack 2015/10/03 v3.19a KOMA-Script package 

("C:\Program Files (x86)\MiKTeX 2.9\tex\latex\koma-script\scrkbase.sty"
Package: scrkbase 2015/10/03 v3.19a KOMA-Script package (KOMA-Script-dependent 
basics and keyval usage)

("C:\Program Files (x86)\MiKTeX 2.9\tex\latex\koma-script\scrbase.sty"
Package: scrbase 2015/10/03 v3.19a KOMA-Script package (KOMA-Script-independent
 basics and keyval usage)

("C:\Program Files (x86)\MiKTeX 2.9\tex\latex\graphics\keyval.sty"
Package: keyval 1999/03/16 v1.13 key=value parser (DPC)
\KV@toks@=\toks16
)
("C:\Program Files (x86)\MiKTeX 2.9\tex\latex\koma-script\scrlfile.sty"
Package: scrlfile 2015/10/03 v3.19a KOMA-Script package (loading files)

Package scrlfile, 2015/10/03 v3.19a KOMA-Script package (loading files)
                  Copyright (C) Markus Kohm

)
Package scrbase Info: \ifpdfoutput already defined.
(scrbase)             If \ifpdfoutput does not behave like
(scrbase)             it was described at the KOMA-Script manual, try to
(scrbase)             load `scrbase.sty' earlier or find out at which
(scrbase)             package or class \ifpdfoutput was defined before.
))
Package scrhack Info: loading setspace hack on input line 179.
 ("C:\Program Files (x86)\MiKTeX 2.9\tex\latex\koma-script\setspace.hak"
File: setspace.hak 2015/10/03 v3.19a KOMA-Script package (hacking package setsp
ace)
))
("C:\Program Files (x86)\MiKTeX 2.9\tex\latex\tools\array.sty"
Package: array 2008/09/09 v2.4c Tabular extension package (FMi)
\col@sep=\dimen108
\extrarowheight=\dimen109
\NC@list=\toks17
\extratabsurround=\skip44
\backup@length=\skip45
)
("C:\Program Files (x86)\MiKTeX 2.9\tex\latex\graphics\graphicx.sty"
Package: graphicx 1999/02/16 v1.0f Enhanced LaTeX Graphics (DPC,SPQR)

("C:\Program Files (x86)\MiKTeX 2.9\tex\latex\graphics\graphics.sty"
Package: graphics 2009/02/05 v1.0o Standard LaTeX Graphics (DPC,SPQR)

("C:\Program Files (x86)\MiKTeX 2.9\tex\latex\graphics\trig.sty"
Package: trig 1999/03/16 v1.09 sin cos tan (DPC)
)
("C:\Program Files (x86)\MiKTeX 2.9\tex\latex\00miktex\graphics.cfg"
File: graphics.cfg 2007/01/18 v1.5 graphics configuration of teTeX/TeXLive
)
Package graphics Info: Driver file: xetex.def on input line 91.

("C:\Program Files (x86)\MiKTeX 2.9\tex\xelatex\xetex-def\xetex.def"
File: xetex.def 2015/09/11 v4.06 LaTeX color/graphics driver for XeTeX (TeX Liv
e/RRM/JK)

("C:\Program Files (x86)\MiKTeX 2.9\tex\generic\oberdiek\infwarerr.sty"
Package: infwarerr 2010/04/08 v1.3 Providing info/warning/error messages (HO)
)
("C:\Program Files (x86)\MiKTeX 2.9\tex\generic\oberdiek\ltxcmds.sty"
Package: ltxcmds 2011/11/09 v1.22 LaTeX kernel commands for general use (HO)
)))
\Gin@req@height=\dimen110
\Gin@req@width=\dimen111
)
("C:\Program Files (x86)\MiKTeX 2.9\tex\latex\graphics\color.sty"
Package: color 2005/11/14 v1.0j Standard LaTeX Color (DPC)

("C:\Program Files (x86)\MiKTeX 2.9\tex\latex\00miktex\color.cfg"
File: color.cfg 2007/01/18 v1.5 color configuration of teTeX/TeXLive
)
Package color Info: Driver file: xetex.def on input line 130.
)
("C:\Program Files (x86)\MiKTeX 2.9\tex\latex\listings\listings.sty"
\lst@mode=\count89
\lst@gtempboxa=\box26
\lst@token=\toks18
\lst@length=\count90
\lst@currlwidth=\dimen112
\lst@column=\count91
\lst@pos=\count92
\lst@lostspace=\dimen113
\lst@width=\dimen114
\lst@newlines=\count93
\lst@lineno=\count94
\lst@maxwidth=\dimen115

("C:\Program Files (x86)\MiKTeX 2.9\tex\latex\listings\lstmisc.sty"
File: lstmisc.sty 2015/06/04 1.6 (Carsten Heinz)
\c@lstnumber=\count95
\lst@skipnumbers=\count96
\lst@framebox=\box27
)
("C:\Program Files (x86)\MiKTeX 2.9\tex\latex\listings\listings.cfg"
File: listings.cfg 2015/06/04 1.6 listings configuration
))
Package scrhack Info: loading listings hack on input line 30.

("C:\Program Files (x86)\MiKTeX 2.9\tex\latex\koma-script\listings.hak"
File: listings.hak 2015/10/03 v3.19a KOMA-Script package (hacking package listi
ngs)

("C:\Program Files (x86)\MiKTeX 2.9\tex\latex\koma-script\tocbasic.sty"
Package: tocbasic 2015/10/03 v3.19a KOMA-Scriptpackage(handling toc-files)
)
Package tocbasic Info: setting babel extension for `lol' on input line 137.
Package scrhack Info: redefining \lstlistoflistings on input line 137.
)
Package: listings 2015/06/04 1.6 (Carsten Heinz)

("C:\Program Files (x86)\MiKTeX 2.9\tex\latex\algorithms\algorithm.sty"
Invalid UTF-8 byte or sequence at line 11 replaced by U+FFFD.
Package: algorithm 2009/08/24 v0.1 Document Style `algorithm' - floating enviro
nment

("C:\Program Files (x86)\MiKTeX 2.9\tex\latex\float\float.sty"
Package: float 2001/11/08 v1.3d Float enhancements (AL)
\c@float@type=\count97
\float@exts=\toks19
\float@box=\box28
\@float@everytoks=\toks20
\@floatcapt=\box29
)
Package scrhack Info: loading float hack on input line 32.

("C:\Program Files (x86)\MiKTeX 2.9\tex\latex\koma-script\float.hak"
File: float.hak 2015/10/03 v3.19a KOMA-Script package (hacking package float)
Package scrhack Info: redefining \newfloat on input line 161.
Package scrhack Info: redefining \listof on input line 161.
Package scrhack Info: undefining \float@addtolists on input line 161.
)
("C:\Program Files (x86)\MiKTeX 2.9\tex\latex\base\ifthen.sty"
Package: ifthen 2001/05/26 v1.1c Standard LaTeX ifthen package (DPC)
)
Package tocbasic Info: setting babel extension for `loa' on input line 95.
\@float@every@algorithm=\toks21
\c@algorithm=\count98
)
("C:\Program Files (x86)\MiKTeX 2.9\tex\latex\algorithmicx\algpseudocode.sty"
Package: algpseudocode 

("C:\Program Files (x86)\MiKTeX 2.9\tex\latex\algorithmicx\algorithmicx.sty"
Package: algorithmicx 2005/04/27 v1.2 Algorithmicx

Document Style algorithmicx 1.2 - a greatly improved `algorithmic' style
\c@ALG@line=\count99
\c@ALG@rem=\count100
\c@ALG@nested=\count101
\ALG@tlm=\skip46
\ALG@thistlm=\skip47
\c@ALG@Lnr=\count102
\c@ALG@blocknr=\count103
\c@ALG@storecount=\count104
\c@ALG@tmpcounter=\count105
\ALG@tmplength=\skip48
)
Document Style - pseudocode environments for use with the `algorithmicx' style
) ("C:\Program Files (x86)\MiKTeX 2.9\tex\latex\ltxmisc\parskip.sty"
Package: parskip 2001/04/09 non-zero parskip adjustments
)
("C:\Program Files (x86)\MiKTeX 2.9\tex\latex\fancyhdr\fancyhdr.sty"
\fancy@headwidth=\skip49
\f@ncyO@elh=\skip50
\f@ncyO@erh=\skip51
\f@ncyO@olh=\skip52
\f@ncyO@orh=\skip53
\f@ncyO@elf=\skip54
\f@ncyO@erf=\skip55
\f@ncyO@olf=\skip56
\f@ncyO@orf=\skip57
)
("C:\Program Files (x86)\MiKTeX 2.9\tex\latex\natbib\natbib.sty"
Package: natbib 2010/09/13 8.31b (PWD, AO)
\bibhang=\skip58
\bibsep=\skip59
LaTeX Info: Redefining \cite on input line 694.
\c@NAT@ctr=\count106
)
("C:\Program Files (x86)\MiKTeX 2.9\tex\latex\hyperref\hyperref.sty"
Package: hyperref 2012/11/06 v6.83m Hypertext links for LaTeX

("C:\Program Files (x86)\MiKTeX 2.9\tex\generic\oberdiek\hobsub-hyperref.sty"
Package: hobsub-hyperref 2012/04/25 v1.12 Bundle oberdiek, subset hyperref (HO)


("C:\Program Files (x86)\MiKTeX 2.9\tex\generic\oberdiek\hobsub-generic.sty"
Package: hobsub-generic 2012/04/25 v1.12 Bundle oberdiek, subset generic (HO)
Package: hobsub 2012/04/25 v1.12 Construct package bundles (HO)
Package hobsub Info: Skipping package `infwarerr' (already loaded).
Package hobsub Info: Skipping package `ltxcmds' (already loaded).
Package: ifluatex 2010/03/01 v1.3 Provides the ifluatex switch (HO)
Package ifluatex Info: LuaTeX not detected.
Package: ifvtex 2010/03/01 v1.5 Detect VTeX and its facilities (HO)
Package ifvtex Info: VTeX not detected.
Package: intcalc 2007/09/27 v1.1 Expandable calculations with integers (HO)
Package: ifpdf 2011/01/30 v2.3 Provides the ifpdf switch (HO)
Package ifpdf Info: pdfTeX in PDF mode is not detected.
Package: etexcmds 2011/02/16 v1.5 Avoid name clashes with e-TeX commands (HO)
Package etexcmds Info: Could not find \expanded.
(etexcmds)             That can mean that you are not using pdfTeX 1.50 or
(etexcmds)             that some package has redefined \expanded.
(etexcmds)             In the latter case, load this package earlier.
Package: kvsetkeys 2012/04/25 v1.16 Key value parser (HO)
Package: kvdefinekeys 2011/04/07 v1.3 Define keys (HO)
Package: pdftexcmds 2011/11/29 v0.20 Utility functions of pdfTeX for LuaTeX (HO
)
Package pdftexcmds Info: LuaTeX not detected.
Package pdftexcmds Info: pdfTeX >= 1.30 not detected.
Package pdftexcmds Info: \pdf@primitive is available.
Package pdftexcmds Info: \pdf@ifprimitive is available.
Package pdftexcmds Info: \pdfdraftmode not found.
Package: pdfescape 2011/11/25 v1.13 Implements pdfTeX's escape features (HO)
Package: bigintcalc 2012/04/08 v1.3 Expandable calculations on big integers (HO
)
Package: bitset 2011/01/30 v1.1 Handle bit-vector datatype (HO)
Package: uniquecounter 2011/01/30 v1.2 Provide unlimited unique counter (HO)
)
Package hobsub Info: Skipping package `hobsub' (already loaded).
Package: letltxmacro 2010/09/02 v1.4 Let assignment for LaTeX macros (HO)
Package: hopatch 2011/06/24 v1.1 Wrapper for package hooks (HO)
Package: xcolor-patch 2011/01/30 xcolor patch
Package: atveryend 2011/06/30 v1.8 Hooks at the very end of document (HO)
Package atveryend Info: \enddocument detected (standard20110627).
Package: atbegshi 2011/10/05 v1.16 At begin shipout hook (HO)
Package: refcount 2011/10/16 v3.4 Data extraction from label references (HO)
Package: hycolor 2011/01/30 v1.7 Color options for hyperref/bookmark (HO)
)
("C:\Program Files (x86)\MiKTeX 2.9\tex\generic\ifxetex\ifxetex.sty"
Package: ifxetex 2010/09/12 v0.6 Provides ifxetex conditional
)
("C:\Program Files (x86)\MiKTeX 2.9\tex\latex\oberdiek\auxhook.sty"
Package: auxhook 2011/03/04 v1.3 Hooks for auxiliary files (HO)
)
("C:\Program Files (x86)\MiKTeX 2.9\tex\latex\oberdiek\kvoptions.sty"
Package: kvoptions 2011/06/30 v3.11 Key value format for package options (HO)
)
\@linkdim=\dimen116
\Hy@linkcounter=\count107
\Hy@pagecounter=\count108

("C:\Program Files (x86)\MiKTeX 2.9\tex\latex\hyperref\pd1enc.def"
File: pd1enc.def 2012/11/06 v6.83m Hyperref: PDFDocEncoding definition (HO)
)
\Hy@SavedSpaceFactor=\count109

("C:\Program Files (x86)\MiKTeX 2.9\tex\latex\00miktex\hyperref.cfg"
File: hyperref.cfg 2002/06/06 v1.2 hyperref configuration of TeXLive
)
Package hyperref Info: Option `bookmarks' set `true' on input line 4319.
Package hyperref Info: Option `raiselinks' set `true' on input line 4319.
Package hyperref Info: Option `pageanchor' set `true' on input line 4319.
Package hyperref Info: Option `colorlinks' set `true' on input line 4319.
Package hyperref Info: Hyper figures OFF on input line 4443.
Package hyperref Info: Link nesting OFF on input line 4448.
Package hyperref Info: Hyper index ON on input line 4451.
Package hyperref Info: Plain pages OFF on input line 4458.
Package hyperref Info: Backreferencing ON on input line 4461.
Package hyperref Info: Implicit mode ON; LaTeX internals redefined.
Package hyperref Info: Bookmarks ON on input line 4688.

("C:\Program Files (x86)\MiKTeX 2.9\tex\latex\hyperref\backref.sty"
Package: backref 2012/07/25 v1.38 Bibliographical back referencing

("C:\Program Files (x86)\MiKTeX 2.9\tex\latex\oberdiek\rerunfilecheck.sty"
Package: rerunfilecheck 2011/04/15 v1.7 Rerun checks for auxiliary files (HO)
Package rerunfilecheck Info: Feature \pdfmdfivesum is not available
(rerunfilecheck)             (e.g. pdfTeX or LuaTeX with package `pdftexcmds').

(rerunfilecheck)             Therefore file contents cannot be checked efficien
tly
(rerunfilecheck)             and the loading of the package is aborted.
))
\c@Hy@tempcnt=\count110

("C:\Program Files (x86)\MiKTeX 2.9\tex\latex\url\url.sty"
\Urlmuskip=\muskip10
Package: url 2013/09/16  ver 3.4  Verb mode for urls, etc.
)
LaTeX Info: Redefining \url on input line 5041.
\XeTeXLinkMargin=\dimen117
Requested font "pzdr" at 0.00002pt
\Fld@menulength=\count111
\Field@Width=\dimen118
\Fld@charsize=\dimen119
Package hyperref Info: Hyper figures OFF on input line 6295.
Package hyperref Info: Link nesting OFF on input line 6300.
Package hyperref Info: Hyper index ON on input line 6303.
Package hyperref Info: backreferencing ON on input line 6308.
Package hyperref Info: Link coloring ON on input line 6313.
Package hyperref Info: Link coloring with OCG OFF on input line 6320.
Package hyperref Info: PDF/A mode OFF on input line 6325.
LaTeX Info: Redefining \ref on input line 6365.
LaTeX Info: Redefining \pageref on input line 6369.
\Hy@abspage=\count112
\c@Item=\count113
\c@Hfootnote=\count114
)
Package scrhack Info: hyperref hack deactivated because of
(scrhack)             detection of hyperref version, that doesn't
(scrhack)             need that hack, on input line 64.


Package hyperref Message: Driver (autodetected): hxetex.

("C:\Program Files (x86)\MiKTeX 2.9\tex\latex\hyperref\hxetex.def"
File: hxetex.def 2012/11/06 v6.83m Hyperref driver for XeTeX

("C:\Program Files (x86)\MiKTeX 2.9\tex\latex\hyperref\puenc.def"
File: puenc.def 2012/11/06 v6.83m Hyperref: PDF Unicode definition (HO)
)
("C:\Program Files (x86)\MiKTeX 2.9\tex\generic\oberdiek\stringenc.sty"
Package: stringenc 2011/12/02 v1.10 Convert strings between diff. encodings (HO
)
)
\pdfm@box=\box30
\c@Hy@AnnotLevel=\count115
\HyField@AnnotCount=\count116
\Fld@listcount=\count117
\c@bookmark@seq@number=\count118
\Hy@SectionHShift=\skip60
)
("C:\Program Files (x86)\MiKTeX 2.9\tex\latex\geometry\geometry.sty"
Package: geometry 2010/09/12 v5.6 Page Geometry
\Gm@cnth=\count119
\Gm@cntv=\count120
\c@Gm@tempcnt=\count121
\Gm@bindingoffset=\dimen120
\Gm@wd@mp=\dimen121
\Gm@odd@mp=\dimen122
\Gm@even@mp=\dimen123
\Gm@layoutwidth=\dimen124
\Gm@layoutheight=\dimen125
\Gm@layouthoffset=\dimen126
\Gm@layoutvoffset=\dimen127
\Gm@dimlist=\toks22

("C:\Program Files (x86)\MiKTeX 2.9\tex\xelatex\xetexconfig\geometry.cfg"))
("C:\Program Files (x86)\MiKTeX 2.9\tex\latex\xcolor\xcolor.sty"
Package: xcolor 2007/01/21 v2.11 LaTeX color extensions (UK)

("C:\Program Files (x86)\MiKTeX 2.9\tex\latex\00miktex\color.cfg"
File: color.cfg 2007/01/18 v1.5 color configuration of teTeX/TeXLive
)
Package xcolor Info: Driver file: xetex.def on input line 225.
LaTeX Info: Redefining \color on input line 702.
Package xcolor Info: Model `cmy' substituted by `cmy0' on input line 1337.
Package xcolor Info: Model `RGB' extended on input line 1353.
Package xcolor Info: Model `HTML' substituted by `rgb' on input line 1355.
Package xcolor Info: Model `Hsb' substituted by `hsb' on input line 1356.
Package xcolor Info: Model `tHsb' substituted by `hsb' on input line 1357.
Package xcolor Info: Model `HSB' substituted by `hsb' on input line 1358.
Package xcolor Info: Model `Gray' substituted by `gray' on input line 1359.
Package xcolor Info: Model `wave' substituted by `hsb' on input line 1360.
)
("C:\Program Files (x86)\MiKTeX 2.9\tex\latex\german\german.sty"
v2.5e 1998-07-08
Package: german 1998/07/08 v2.5e Support for writing german texts (br)
\grmnU@D=\dimen128
LaTeX Info: Redefining \glqq on input line 251.
LaTeX Info: Redefining \glq on input line 264.
LaTeX Info: Redefining \flqq on input line 277.
LaTeX Info: Redefining \frqq on input line 285.
LaTeX Info: Redefining \flq on input line 293.
LaTeX Info: Redefining \frq on input line 300.
german -- \language number for Austrian undefined, default 22 used.
)
("C:\Program Files (x86)\MiKTeX 2.9\tex\latex\tools\longtable.sty"
Package: longtable 2004/02/01 v4.11 Multi-page Table package (DPC)
\LTleft=\skip61
\LTright=\skip62
\LTpre=\skip63
\LTpost=\skip64
\LTchunksize=\count122
\LTcapwidth=\dimen129
\LT@head=\box31
\LT@firsthead=\box32
\LT@foot=\box33
\LT@lastfoot=\box34
\LT@cols=\count123
\LT@rows=\count124
\c@LT@tables=\count125
\c@LT@chunks=\count126
\LT@p@ftn=\toks23
)
("C:\Program Files (x86)\MiKTeX 2.9\tex\latex\amsfonts\amssymb.sty"
Package: amssymb 2013/01/14 v3.01 AMS font symbols

("C:\Program Files (x86)\MiKTeX 2.9\tex\latex\amsfonts\amsfonts.sty"
Package: amsfonts 2013/01/14 v3.01 Basic AMSFonts support
\@emptytoks=\toks24
\symAMSa=\mathgroup4
\symAMSb=\mathgroup5
LaTeX Font Info:    Overwriting math alphabet `\mathfrak' in version `bold'
(Font)                  U/euf/m/n --> U/euf/b/n on input line 106.
))
("C:\Program Files (x86)\MiKTeX 2.9\tex\latex\amsmath\amsmath.sty"
Package: amsmath 2013/01/14 v2.14 AMS math features
\@mathmargin=\skip65

For additional information on amsmath, use the `?' option.
("C:\Program Files (x86)\MiKTeX 2.9\tex\latex\amsmath\amstext.sty"
Package: amstext 2000/06/29 v2.01

("C:\Program Files (x86)\MiKTeX 2.9\tex\latex\amsmath\amsgen.sty"
File: amsgen.sty 1999/11/30 v2.0
\@emptytoks=\toks25
\ex@=\dimen130
))
("C:\Program Files (x86)\MiKTeX 2.9\tex\latex\amsmath\amsbsy.sty"
Package: amsbsy 1999/11/29 v1.2d
\pmbraise@=\dimen131
)
("C:\Program Files (x86)\MiKTeX 2.9\tex\latex\amsmath\amsopn.sty"
Package: amsopn 1999/12/14 v2.01 operator names
)
\inf@bad=\count127
LaTeX Info: Redefining \frac on input line 210.
\uproot@=\count128
\leftroot@=\count129
LaTeX Info: Redefining \overline on input line 306.
\classnum@=\count130
\DOTSCASE@=\count131
LaTeX Info: Redefining \ldots on input line 378.
LaTeX Info: Redefining \dots on input line 381.
LaTeX Info: Redefining \cdots on input line 466.
\Mathstrutbox@=\box35
\strutbox@=\box36
\big@size=\dimen132
LaTeX Font Info:    Redeclaring font encoding OML on input line 566.
LaTeX Font Info:    Redeclaring font encoding OMS on input line 567.
\macc@depth=\count132
\c@MaxMatrixCols=\count133
\dotsspace@=\muskip11
\c@parentequation=\count134
\dspbrk@lvl=\count135
\tag@help=\toks26
\row@=\count136
\column@=\count137
\maxfields@=\count138
\andhelp@=\toks27
\eqnshift@=\dimen133
\alignsep@=\dimen134
\tagshift@=\dimen135
\tagwidth@=\dimen136
\totwidth@=\dimen137
\lineht@=\dimen138
\@envbody=\toks28
\multlinegap=\skip66
\multlinetaggap=\skip67
\mathdisplay@stack=\toks29
LaTeX Info: Redefining \[ on input line 2665.
LaTeX Info: Redefining \] on input line 2666.
)
("C:\Program Files (x86)\MiKTeX 2.9\tex\latex\titlesec\titlesec.sty"
Package: titlesec 2011/12/15 v2.10.0 Sectioning titles
\ttl@box=\box37
\beforetitleunit=\skip68
\aftertitleunit=\skip69
\ttl@plus=\dimen139
\ttl@minus=\dimen140
\ttl@toksa=\toks30
\titlewidth=\dimen141
\titlewidthlast=\dimen142
\titlewidthfirst=\dimen143
)
("C:\Program Files (x86)\MiKTeX 2.9\tex\latex\titling\titling.sty"
Package: titling 2009/09/04 v2.1d maketitle typesetting
\thanksmarkwidth=\skip70
\thanksmargin=\skip71
\droptitle=\skip72
)
("C:\Program Files (x86)\MiKTeX 2.9\tex\latex\titlesec\titletoc.sty"
Package: titletoc 2011/12/15 v1.6 TOC entries
\ttl@leftsep=\dimen144
)
("C:\Program Files (x86)\MiKTeX 2.9\tex\latex\tcolorbox\tcolorbox.sty"
Package: tcolorbox 2015/08/12 version 3.72 text color boxes

("C:\Program Files (x86)\MiKTeX 2.9\tex\latex\pgf\basiclayer\pgf.sty"
("C:\Program Files (x86)\MiKTeX 2.9\tex\latex\pgf\utilities\pgfrcs.sty"
("C:\Program Files (x86)\MiKTeX 2.9\tex\generic\pgf\utilities\pgfutil-common.te
x"
\pgfutil@everybye=\toks31
\pgfutil@tempdima=\dimen145
\pgfutil@tempdimb=\dimen146

("C:\Program Files (x86)\MiKTeX 2.9\tex\generic\pgf\utilities\pgfutil-common-li
sts.tex"))
("C:\Program Files (x86)\MiKTeX 2.9\tex\generic\pgf\utilities\pgfutil-latex.def
"
\pgfutil@abb=\box38
 ("C:\Program Files (x86)\MiKTeX 2.9\tex\latex\ms\everyshi.sty"
Package: everyshi 2001/05/15 v3.00 EveryShipout Package (MS)
))
("C:\Program Files (x86)\MiKTeX 2.9\tex\generic\pgf\utilities\pgfrcs.code.tex"
Package: pgfrcs 2015/08/07 v3.0.1a (rcs-revision 1.31)
))
Package: pgf 2015/08/07 v3.0.1a (rcs-revision 1.15)
 ("C:\Program Files (x86)\MiKTeX 2.9\tex\latex\pgf\basiclayer\pgfcore.sty"
("C:\Program Files (x86)\MiKTeX 2.9\tex\latex\pgf\systemlayer\pgfsys.sty"
("C:\Program Files (x86)\MiKTeX 2.9\tex\generic\pgf\systemlayer\pgfsys.code.tex
"
Package: pgfsys 2014/07/09 v3.0.1a (rcs-revision 1.48)
 ("C:\Program Files (x86)\MiKTeX 2.9\tex\generic\pgf\utilities\pgfkeys.code.tex
"
\pgfkeys@pathtoks=\toks32
\pgfkeys@temptoks=\toks33

("C:\Program Files (x86)\MiKTeX 2.9\tex\generic\pgf\utilities\pgfkeysfiltered.c
ode.tex"
\pgfkeys@tmptoks=\toks34
))
\pgf@x=\dimen147
\pgf@y=\dimen148
\pgf@xa=\dimen149
\pgf@ya=\dimen150
\pgf@xb=\dimen151
\pgf@yb=\dimen152
\pgf@xc=\dimen153
\pgf@yc=\dimen154
\w@pgf@writea=\write3
\r@pgf@reada=\read1
\c@pgf@counta=\count139
\c@pgf@countb=\count140
\c@pgf@countc=\count141
\c@pgf@countd=\count142
\t@pgf@toka=\toks35
\t@pgf@tokb=\toks36
\t@pgf@tokc=\toks37

("C:\Program Files (x86)\MiKTeX 2.9\tex\generic\pgf\systemlayer\pgf.cfg"
File: pgf.cfg 2008/05/14  (rcs-revision 1.7)
)
Driver file for pgf: pgfsys-xetex.def

("C:\Program Files (x86)\MiKTeX 2.9\tex\generic\pgf\systemlayer\pgfsys-xetex.de
f"
File: pgfsys-xetex.def 2014/07/09  (rcs-revision 1.11)

("C:\Program Files (x86)\MiKTeX 2.9\tex\generic\pgf\systemlayer\pgfsys-dvipdfmx
.def"
File: pgfsys-dvipdfmx.def 2014/07/09  (rcs-revision 1.14)

("C:\Program Files (x86)\MiKTeX 2.9\tex\generic\pgf\systemlayer\pgfsys-common-p
df.def"
File: pgfsys-common-pdf.def 2013/10/10  (rcs-revision 1.13)
)
\pgfsys@objnum=\count143
)))
("C:\Program Files (x86)\MiKTeX 2.9\tex\generic\pgf\systemlayer\pgfsyssoftpath.
code.tex"
File: pgfsyssoftpath.code.tex 2013/09/09  (rcs-revision 1.9)
\pgfsyssoftpath@smallbuffer@items=\count144
\pgfsyssoftpath@bigbuffer@items=\count145
)
("C:\Program Files (x86)\MiKTeX 2.9\tex\generic\pgf\systemlayer\pgfsysprotocol.
code.tex"
File: pgfsysprotocol.code.tex 2006/10/16  (rcs-revision 1.4)
))
("C:\Program Files (x86)\MiKTeX 2.9\tex\generic\pgf\basiclayer\pgfcore.code.tex
"
Package: pgfcore 2010/04/11 v3.0.1a (rcs-revision 1.7)
 ("C:\Program Files (x86)\MiKTeX 2.9\tex\generic\pgf\math\pgfmath.code.tex"
("C:\Program Files (x86)\MiKTeX 2.9\tex\generic\pgf\math\pgfmathcalc.code.tex"
("C:\Program Files (x86)\MiKTeX 2.9\tex\generic\pgf\math\pgfmathutil.code.tex")
("C:\Program Files (x86)\MiKTeX 2.9\tex\generic\pgf\math\pgfmathparser.code.tex
"
\pgfmath@dimen=\dimen155
\pgfmath@count=\count146
\pgfmath@box=\box39
\pgfmath@toks=\toks38
\pgfmath@stack@operand=\toks39
\pgfmath@stack@operation=\toks40
)
("C:\Program Files (x86)\MiKTeX 2.9\tex\generic\pgf\math\pgfmathfunctions.code.
tex"
("C:\Program Files (x86)\MiKTeX 2.9\tex\generic\pgf\math\pgfmathfunctions.basic
.code.tex")
("C:\Program Files (x86)\MiKTeX 2.9\tex\generic\pgf\math\pgfmathfunctions.trigo
nometric.code.tex")
("C:\Program Files (x86)\MiKTeX 2.9\tex\generic\pgf\math\pgfmathfunctions.rando
m.code.tex")
("C:\Program Files (x86)\MiKTeX 2.9\tex\generic\pgf\math\pgfmathfunctions.compa
rison.code.tex")
("C:\Program Files (x86)\MiKTeX 2.9\tex\generic\pgf\math\pgfmathfunctions.base.
code.tex")
("C:\Program Files (x86)\MiKTeX 2.9\tex\generic\pgf\math\pgfmathfunctions.round
.code.tex")
("C:\Program Files (x86)\MiKTeX 2.9\tex\generic\pgf\math\pgfmathfunctions.misc.
code.tex")
("C:\Program Files (x86)\MiKTeX 2.9\tex\generic\pgf\math\pgfmathfunctions.integ
erarithmetics.code.tex")))
("C:\Program Files (x86)\MiKTeX 2.9\tex\generic\pgf\math\pgfmathfloat.code.tex"
\c@pgfmathroundto@lastzeros=\count147
))
("C:\Program Files (x86)\MiKTeX 2.9\tex\generic\pgf\basiclayer\pgfcorepoints.co
de.tex"
File: pgfcorepoints.code.tex 2013/10/07  (rcs-revision 1.27)
\pgf@picminx=\dimen156
\pgf@picmaxx=\dimen157
\pgf@picminy=\dimen158
\pgf@picmaxy=\dimen159
\pgf@pathminx=\dimen160
\pgf@pathmaxx=\dimen161
\pgf@pathminy=\dimen162
\pgf@pathmaxy=\dimen163
\pgf@xx=\dimen164
\pgf@xy=\dimen165
\pgf@yx=\dimen166
\pgf@yy=\dimen167
\pgf@zx=\dimen168
\pgf@zy=\dimen169
)
("C:\Program Files (x86)\MiKTeX 2.9\tex\generic\pgf\basiclayer\pgfcorepathconst
ruct.code.tex"
File: pgfcorepathconstruct.code.tex 2013/10/07  (rcs-revision 1.29)
\pgf@path@lastx=\dimen170
\pgf@path@lasty=\dimen171
)
("C:\Program Files (x86)\MiKTeX 2.9\tex\generic\pgf\basiclayer\pgfcorepathusage
.code.tex"
File: pgfcorepathusage.code.tex 2014/11/02  (rcs-revision 1.24)
\pgf@shorten@end@additional=\dimen172
\pgf@shorten@start@additional=\dimen173
)
("C:\Program Files (x86)\MiKTeX 2.9\tex\generic\pgf\basiclayer\pgfcorescopes.co
de.tex"
File: pgfcorescopes.code.tex 2015/05/08  (rcs-revision 1.46)
\pgfpic=\box40
\pgf@hbox=\box41
\pgf@layerbox@main=\box42
\pgf@picture@serial@count=\count148
)
("C:\Program Files (x86)\MiKTeX 2.9\tex\generic\pgf\basiclayer\pgfcoregraphicst
ate.code.tex"
File: pgfcoregraphicstate.code.tex 2014/11/02  (rcs-revision 1.12)
\pgflinewidth=\dimen174
)
("C:\Program Files (x86)\MiKTeX 2.9\tex\generic\pgf\basiclayer\pgfcoretransform
ations.code.tex"
File: pgfcoretransformations.code.tex 2015/08/07  (rcs-revision 1.20)
\pgf@pt@x=\dimen175
\pgf@pt@y=\dimen176
\pgf@pt@temp=\dimen177
)
("C:\Program Files (x86)\MiKTeX 2.9\tex\generic\pgf\basiclayer\pgfcorequick.cod
e.tex"
File: pgfcorequick.code.tex 2008/10/09  (rcs-revision 1.3)
)
("C:\Program Files (x86)\MiKTeX 2.9\tex\generic\pgf\basiclayer\pgfcoreobjects.c
ode.tex"
File: pgfcoreobjects.code.tex 2006/10/11  (rcs-revision 1.2)
)
("C:\Program Files (x86)\MiKTeX 2.9\tex\generic\pgf\basiclayer\pgfcorepathproce
ssing.code.tex"
File: pgfcorepathprocessing.code.tex 2013/09/09  (rcs-revision 1.9)
)
("C:\Program Files (x86)\MiKTeX 2.9\tex\generic\pgf\basiclayer\pgfcorearrows.co
de.tex"
File: pgfcorearrows.code.tex 2015/05/14  (rcs-revision 1.43)
\pgfarrowsep=\dimen178
)
("C:\Program Files (x86)\MiKTeX 2.9\tex\generic\pgf\basiclayer\pgfcoreshade.cod
e.tex"
File: pgfcoreshade.code.tex 2013/07/15  (rcs-revision 1.15)
\pgf@max=\dimen179
\pgf@sys@shading@range@num=\count149
)
("C:\Program Files (x86)\MiKTeX 2.9\tex\generic\pgf\basiclayer\pgfcoreimage.cod
e.tex"
File: pgfcoreimage.code.tex 2013/07/15  (rcs-revision 1.18)

("C:\Program Files (x86)\MiKTeX 2.9\tex\generic\pgf\basiclayer\pgfcoreexternal.
code.tex"
File: pgfcoreexternal.code.tex 2014/07/09  (rcs-revision 1.21)
\pgfexternal@startupbox=\box43
))
("C:\Program Files (x86)\MiKTeX 2.9\tex\generic\pgf\basiclayer\pgfcorelayers.co
de.tex"
File: pgfcorelayers.code.tex 2013/07/18  (rcs-revision 1.7)
)
("C:\Program Files (x86)\MiKTeX 2.9\tex\generic\pgf\basiclayer\pgfcoretranspare
ncy.code.tex"
File: pgfcoretransparency.code.tex 2013/09/30  (rcs-revision 1.5)
)
("C:\Program Files (x86)\MiKTeX 2.9\tex\generic\pgf\basiclayer\pgfcorepatterns.
code.tex"
File: pgfcorepatterns.code.tex 2013/11/07  (rcs-revision 1.5)
)))
("C:\Program Files (x86)\MiKTeX 2.9\tex\generic\pgf\modules\pgfmoduleshapes.cod
e.tex"
File: pgfmoduleshapes.code.tex 2014/03/21  (rcs-revision 1.35)
\pgfnodeparttextbox=\box44
)
("C:\Program Files (x86)\MiKTeX 2.9\tex\generic\pgf\modules\pgfmoduleplot.code.
tex"
File: pgfmoduleplot.code.tex 2015/08/03  (rcs-revision 1.13)
)
("C:\Program Files (x86)\MiKTeX 2.9\tex\latex\pgf\compatibility\pgfcomp-version
-0-65.sty"
Package: pgfcomp-version-0-65 2007/07/03 v3.0.1a (rcs-revision 1.7)
\pgf@nodesepstart=\dimen180
\pgf@nodesepend=\dimen181
)
("C:\Program Files (x86)\MiKTeX 2.9\tex\latex\pgf\compatibility\pgfcomp-version
-1-18.sty"
Package: pgfcomp-version-1-18 2007/07/23 v3.0.1a (rcs-revision 1.1)
)) ("C:\Program Files (x86)\MiKTeX 2.9\tex\latex\tools\verbatim.sty"
Package: verbatim 2003/08/22 v1.5q LaTeX2e package for verbatim enhancements
\every@verbatim=\toks41
\verbatim@line=\toks42
\verbatim@in@stream=\read2
) ("C:\Program Files (x86)\MiKTeX 2.9\tex\latex\environ\environ.sty"
Package: environ 2014/05/04 v0.3 A new way to define environments

("C:\Program Files (x86)\MiKTeX 2.9\tex\latex\trimspaces\trimspaces.sty"
Package: trimspaces 2009/09/17 v1.1 Trim spaces around a token list
))
("C:\Program Files (x86)\MiKTeX 2.9\tex\latex\etoolbox\etoolbox.sty"
Package: etoolbox 2015/08/02 v2.2a e-TeX tools for LaTeX (JAW)

("C:\Program Files (x86)\MiKTeX 2.9\tex\latex\misc\etex.sty"
Package: etex 1998/03/26 v2.0 eTeX basic definition package (PEB)
\et@xins=\count150
)
\etb@tempcnta=\count151
)
\tcb@titlebox=\box45
\tcb@upperbox=\box46
\tcb@lowerbox=\box47
\tcb@phantombox=\box48
\c@tcbbreakpart=\count152
\c@tcblayer=\count153
\tcb@temp=\box49
\tcb@temp=\box50
\tcb@temp=\box51
\tcb@temp=\box52
\tcb@out=\write4
\tcb@record@out=\write5
)
("C:\Program Files (x86)\MiKTeX 2.9\tex\latex\fancybox\fancybox.sty"
Package: fancybox 2010/05/15 1.4

Style option: `fancybox' v1.4 <2010/05/15> (tvz)
\@fancybox=\box53
\shadowsize=\dimen182
\@Sbox=\box54
\do@VerbBox=\toks43
\the@fancyput=\toks44
\this@fancyput=\toks45
\EndVerbatimTokens=\toks46
\Verbatim@Outfile=\write6
\Verbatim@Infile=\read3
) ("C:\Program Files (x86)\MiKTeX 2.9\tex\latex\caption\caption.sty"
Package: caption 2015/09/17 v3.3-111 Customizing captions (AR)

("C:\Program Files (x86)\MiKTeX 2.9\tex\latex\caption\caption3.sty"
Package: caption3 2015/09/20 v1.7-115 caption3 kernel (AR)
Package caption3 Info: TeX engine: e-TeX on input line 57.
\captionmargin=\dimen183
\captionmargin@=\dimen184
\captionwidth=\dimen185
\caption@tempdima=\dimen186
\caption@indent=\dimen187
\caption@parindent=\dimen188
\caption@hangindent=\dimen189
)
\c@ContinuedFloat=\count154
Package caption Info: float package is loaded.
Package caption Info: hyperref package is loaded.
Package caption Info: listings package is loaded.
Package caption Info: longtable package is loaded.

("C:\Program Files (x86)\MiKTeX 2.9\tex\latex\caption\ltcaption.sty"
Package: ltcaption 2013/06/09 v1.4-94 longtable captions (AR)
))
("C:\Program Files (x86)\MiKTeX 2.9\tex\latex\graphics\lscape.sty"
Package: lscape 2000/10/22 v3.01 Landscape Pages (DPC)
)
Package scrhack Info: loading lscape hack on input line 108.

("C:\Program Files (x86)\MiKTeX 2.9\tex\latex\koma-script\lscape.hak"
File: lscape.hak 2015/10/03 v3.19a KOMA-Script package (hacking package lscape)


("C:\Program Files (x86)\MiKTeX 2.9\tex\latex\xpatch\xpatch.sty"
("C:\Program Files (x86)\MiKTeX 2.9\tex\latex\l3kernel\expl3.sty"
Package: expl3 2015/09/27 v6111 L3 programming layer (loader) 

("C:\Program Files (x86)\MiKTeX 2.9\tex\latex\l3kernel\expl3-code.tex"
Package: expl3 2015/09/27 v6111 L3 programming layer (code) 
L3 Module: l3bootstrap 2015/09/10 v5983 L3 Bootstrap code
L3 Module: l3names 2015/09/27 v6108 L3 Namespace for primitives
L3 Module: l3basics 2015/09/22 v6033 L3 Basic definitions
L3 Module: l3expan 2015/09/10 v5983 L3 Argument expansion
L3 Module: l3tl 2015/09/23 v6037 L3 Token lists
L3 Module: l3str 2015/09/20 v6021 L3 Strings
L3 Module: l3seq 2015/08/05 v5777 L3 Sequences and stacks
L3 Module: l3int 2015/09/25 v6089 L3 Integers
\c_max_int=\count155
\l_tmpa_int=\count156
\l_tmpb_int=\count157
\g_tmpa_int=\count158
\g_tmpb_int=\count159
L3 Module: l3quark 2015/08/17 v5855 L3 Quarks
L3 Module: l3prg 2015/09/10 v5983 L3 Control structures
\g__prg_map_int=\count160
L3 Module: l3clist 2015/09/02 v5901 L3 Comma separated lists
L3 Module: l3token 2015/09/23 v6040 L3 Experimental token manipulation
L3 Module: l3prop 2015/08/05 v5777 L3 Property lists
L3 Module: l3msg 2015/09/23 v6037 L3 Messages
L3 Module: l3file 2015/09/23 v6037 L3 File and I/O operations
\l_iow_line_count_int=\count161
\l__iow_target_count_int=\count162
\l__iow_current_line_int=\count163
\l__iow_current_word_int=\count164
\l__iow_current_indentation_int=\count165
L3 Module: l3skip 2015/09/25 v6089 L3 Dimensions and skips
\c_zero_dim=\dimen190
\c_max_dim=\dimen191
\l_tmpa_dim=\dimen192
\l_tmpb_dim=\dimen193
\g_tmpa_dim=\dimen194
\g_tmpb_dim=\dimen195
\c_zero_skip=\skip73
\c_max_skip=\skip74
\l_tmpa_skip=\skip75
\l_tmpb_skip=\skip76
\g_tmpa_skip=\skip77
\g_tmpb_skip=\skip78
\c_zero_muskip=\muskip12
\c_max_muskip=\muskip13
\l_tmpa_muskip=\muskip14
\l_tmpb_muskip=\muskip15
\g_tmpa_muskip=\muskip16
\g_tmpb_muskip=\muskip17
L3 Module: l3keys 2015/09/23 v6037 L3 Key-value interfaces
\g__keyval_level_int=\count166
\l_keys_choice_int=\count167
L3 Module: l3fp 2015/08/25 v5890 L3 Floating points
\c__fp_leading_shift_int=\count168
\c__fp_middle_shift_int=\count169
\c__fp_trailing_shift_int=\count170
\c__fp_big_leading_shift_int=\count171
\c__fp_big_middle_shift_int=\count172
\c__fp_big_trailing_shift_int=\count173
\c__fp_Bigg_leading_shift_int=\count174
\c__fp_Bigg_middle_shift_int=\count175
\c__fp_Bigg_trailing_shift_int=\count176
L3 Module: l3box 2015/08/09 v5822 L3 Experimental boxes
\c_empty_box=\box55
\l_tmpa_box=\box56
\l_tmpb_box=\box57
\g_tmpa_box=\box58
\g_tmpb_box=\box59
L3 Module: l3coffins 2015/08/06 v5789 L3 Coffin code layer
\l__coffin_internal_box=\box60
\l__coffin_internal_dim=\dimen196
\l__coffin_offset_x_dim=\dimen197
\l__coffin_offset_y_dim=\dimen198
\l__coffin_x_dim=\dimen199
\l__coffin_y_dim=\dimen200
\l__coffin_x_prime_dim=\dimen201
Normal \dimen register pool exhausted, switching to extended pool.
\l__coffin_y_prime_dim=\dimen256
\c_empty_coffin=\box61
\l__coffin_aligned_coffin=\box62
\l__coffin_aligned_internal_coffin=\box63
\l_tmpa_coffin=\box64
\l_tmpb_coffin=\box65
\l__coffin_display_coffin=\box66
\l__coffin_display_coord_coffin=\box67
\l__coffin_display_pole_coffin=\box68
\l__coffin_display_offset_dim=\dimen257
\l__coffin_display_x_dim=\dimen258
\l__coffin_display_y_dim=\dimen259
L3 Module: l3color 2014/08/23 v5354 L3 Experimental color support
L3 Module: l3candidates 2015/09/23 v6039 L3 Experimental additions to l3kernel
\l__box_top_dim=\dimen260
\l__box_bottom_dim=\dimen261
\l__box_left_dim=\dimen262
\l__box_right_dim=\dimen263
\l__box_top_new_dim=\dimen264
\l__box_bottom_new_dim=\dimen265
\l__box_left_new_dim=\dimen266
\l__box_right_new_dim=\dimen267
\l__box_internal_box=\box69
\l__coffin_bounding_shift_dim=\dimen268
\l__coffin_left_corner_dim=\dimen269
\l__coffin_right_corner_dim=\dimen270
\l__coffin_bottom_corner_dim=\dimen271
\l__coffin_top_corner_dim=\dimen272
\l__coffin_scaled_total_height_dim=\dimen273
\l__coffin_scaled_width_dim=\dimen274
L3 Module: l3sys 2015/09/25 v6087 L3 Experimental system/runtime functions
L3 Module: l3luatex 2015/09/10 v5983 L3 Experimental LuaTeX-specific functions
)
("C:\Program Files (x86)\MiKTeX 2.9\tex\latex\l3kernel\l3unicode-data.def"
File: l3unicode-data.def 2015/07/20 v5676 L3 Unicode data
)
("C:\Program Files (x86)\MiKTeX 2.9\tex\latex\l3kernel\l3xdvipdfmx.def"
File: l3xdvidpfmx.def 2015/09/10 v5983 L3 Experimental driver: xdvipdfmx
))
Package: xpatch 2012/10/02 v0.3 Extending etoolbox patching commands

("C:\Program Files (x86)\MiKTeX 2.9\tex\latex\l3packages\xparse\xparse.sty"
Package: xparse 2015/09/27 v6111 L3 Experimental document command parser
\l__xparse_current_arg_int=\count177
\l__xparse_m_args_int=\count178
\l__xparse_mandatory_args_int=\count179
\l__xparse_processor_int=\count180
\l__xparse_v_nesting_int=\count181
)
.................................................
. LaTeX info: "xparse/define-command"
. 
. Defining command \xpatchcmd with sig. '' on line 125.
.................................................
.................................................
. LaTeX info: "xparse/define-command"
. 
. Defining command \xpretocmd with sig. '' on line 126.
.................................................
.................................................
. LaTeX info: "xparse/define-command"
. 
. Defining command \xapptocmd with sig. '' on line 127.
.................................................
.................................................
. LaTeX info: "xparse/define-command"
. 
. Defining command \xshowcmd with sig. '' on line 128.
.................................................
.................................................
. LaTeX info: "xparse/define-command"
. 
. Defining command \xpatchbibmacro with sig. 'm' on line 131.
.................................................
.................................................
. LaTeX info: "xparse/define-command"
. 
. Defining command \xpretobibmacro with sig. 'm' on line 133.
.................................................
.................................................
. LaTeX info: "xparse/define-command"
. 
. Defining command \xapptobibmacro with sig. 'm' on line 135.
.................................................
.................................................
. LaTeX info: "xparse/define-command"
. 
. Defining command \xshowbibmacro with sig. 'm' on line 137.
.................................................
.................................................
. LaTeX info: "xparse/define-command"
. 
. Defining command \xpatchfieldformat with sig. 'O{*}m' on line 139.
.................................................
.................................................
. LaTeX info: "xparse/define-command"
. 
. Defining command \xpretofieldformat with sig. 'O{*}m' on line 141.
.................................................
.................................................
. LaTeX info: "xparse/define-command"
. 
. Defining command \xapptofieldformat with sig. 'O{*}m' on line 143.
.................................................
.................................................
. LaTeX info: "xparse/define-command"
. 
. Defining command \xshowfieldformat with sig. 'O{*}m' on line 145.
.................................................
.................................................
. LaTeX info: "xparse/define-command"
. 
. Defining command \xpatchnameformat with sig. 'O{*}m' on line 147.
.................................................
.................................................
. LaTeX info: "xparse/define-command"
. 
. Defining command \xpretonameformat with sig. 'O{*}m' on line 149.
.................................................
.................................................
. LaTeX info: "xparse/define-command"
. 
. Defining command \xapptonameformat with sig. 'O{*}m' on line 151.
.................................................
.................................................
. LaTeX info: "xparse/define-command"
. 
. Defining command \xshownameformat with sig. 'O{*}m' on line 153.
.................................................
.................................................
. LaTeX info: "xparse/define-command"
. 
. Defining command \xpatchlistformat with sig. 'O{*}m' on line 155.
.................................................
.................................................
. LaTeX info: "xparse/define-command"
. 
. Defining command \xpretolistformat with sig. 'O{*}m' on line 157.
.................................................
.................................................
. LaTeX info: "xparse/define-command"
. 
. Defining command \xapptolistformat with sig. 'O{*}m' on line 159.
.................................................
.................................................
. LaTeX info: "xparse/define-command"
. 
. Defining command \xshowlistformat with sig. 'O{*}m' on line 161.
.................................................
.................................................
. LaTeX info: "xparse/define-command"
. 
. Defining command \xpatchindexfieldformat with sig. 'O{*}m' on line 163.
.................................................
.................................................
. LaTeX info: "xparse/define-command"
. 
. Defining command \xpretoindexfieldformat with sig. 'O{*}m' on line 165.
.................................................
.................................................
. LaTeX info: "xparse/define-command"
. 
. Defining command \xapptoindexfieldformat with sig. 'O{*}m' on line 167.
.................................................
.................................................
. LaTeX info: "xparse/define-command"
. 
. Defining command \xshowindexfieldformat with sig. 'O{*}m' on line 169.
.................................................
.................................................
. LaTeX info: "xparse/define-command"
. 
. Defining command \xpatchindexnameformat with sig. 'O{*}m' on line 171.
.................................................
.................................................
. LaTeX info: "xparse/define-command"
. 
. Defining command \xpretoindexnameformat with sig. 'O{*}m' on line 173.
.................................................
.................................................
. LaTeX info: "xparse/define-command"
. 
. Defining command \xapptoindexnameformat with sig. 'O{*}m' on line 175.
.................................................
.................................................
. LaTeX info: "xparse/define-command"
. 
. Defining command \xshowindexnameformat with sig. 'O{*}m' on line 177.
.................................................
.................................................
. LaTeX info: "xparse/define-command"
. 
. Defining command \xpatchindexlistformat with sig. 'O{*}m' on line 179.
.................................................
.................................................
. LaTeX info: "xparse/define-command"
. 
. Defining command \xpretoindexlistformat with sig. 'O{*}m' on line 181.
.................................................
.................................................
. LaTeX info: "xparse/define-command"
. 
. Defining command \xappindextolistformat with sig. 'O{*}m' on line 183.
.................................................
.................................................
. LaTeX info: "xparse/define-command"
. 
. Defining command \xshowindexlistformat with sig. 'O{*}m' on line 185.
.................................................
.................................................
. LaTeX info: "xparse/define-command"
. 
. Defining command \xpatchbibdriver with sig. 'm' on line 187.
.................................................
.................................................
. LaTeX info: "xparse/define-command"
. 
. Defining command \xpretobibdriver with sig. 'm' on line 189.
.................................................
.................................................
. LaTeX info: "xparse/define-command"
. 
. Defining command \xapptobibdriver with sig. 'm' on line 191.
.................................................
.................................................
. LaTeX info: "xparse/define-command"
. 
. Defining command \xshowbibdriver with sig. 'm' on line 193.
.................................................
)
Package scrhack Info: \landscape patched to make \textheight change optional on
 input line 91.
\scrh@LT@textheight=\skip79
)
("C:\Program Files (x86)\MiKTeX 2.9\tex\latex\multirow\multirow.sty"
\bigstrutjot=\dimen275
)
("C:\Program Files (x86)\MiKTeX 2.9\tex\latex\titlesec\block.tss"
File: block.tss 2011/12/15
)
("C:\Program Files (x86)\MiKTeX 2.9\tex\latex\hyphenat\hyphenat.sty"
Package: hyphenat 2009/09/02 v2.3c hyphenation utilities
\langwohyphens=\language69
LaTeX Info: Redefining \_ on input line 43.
)
("C:\Program Files (x86)\MiKTeX 2.9\tex\latex\enumitem\enumitem.sty"
Package: enumitem 2011/09/28 v3.5.2 Customized lists
\labelindent=\skip80
\enit@outerparindent=\dimen276
\enit@toks=\toks47
\enit@inbox=\box70
\enitdp@description=\count182
)
("C:\Program Files (x86)\MiKTeX 2.9\tex\latex\marginnote\marginnote.sty"
Package: marginnote 2012/03/29 v1.1i non floating margin notes for LaTeX
\c@mn@abspage=\count183
)
("C:\Program Files (x86)\MiKTeX 2.9\tex\latex\pgf\utilities\pgfkeys.sty"
("C:\Program Files (x86)\MiKTeX 2.9\tex\generic\pgf\utilities\pgfkeys.code.tex"
)) ("C:\Program Files (x86)\MiKTeX 2.9\tex\latex\ms\ragged2e.sty"
Package: ragged2e 2009/05/21 v2.1 ragged2e Package (MS)

("C:\Program Files (x86)\MiKTeX 2.9\tex\latex\ms\everysel.sty"
Package: everysel 2011/10/28 v1.2 EverySelectfont Package (MS)
)
\CenteringLeftskip=\skip81
\RaggedLeftLeftskip=\skip82
\RaggedRightLeftskip=\skip83
\CenteringRightskip=\skip84
\RaggedLeftRightskip=\skip85
\RaggedRightRightskip=\skip86
\CenteringParfillskip=\skip87
\RaggedLeftParfillskip=\skip88
\RaggedRightParfillskip=\skip89
\JustifyingParfillskip=\skip90
\CenteringParindent=\skip91
\RaggedLeftParindent=\skip92
\RaggedRightParindent=\skip93
\JustifyingParindent=\skip94
))

LaTeX Warning: Unused global option(s):
    [toc=listof,toc=bibliography,sprache=english,xcolor=dvipsnames].

(C:\Users\sumsum\Documents\GitHub\MA\Dokumente\Thesis\thesis.aux
(C:\Users\sumsum\Documents\GitHub\MA\Dokumente\Thesis\chapters/titelseite.aux)
(C:\Users\sumsum\Documents\GitHub\MA\Dokumente\Thesis\chapters/declaration.aux)
(C:\Users\sumsum\Documents\GitHub\MA\Dokumente\Thesis\chapters/abstract.aux)
(C:\Users\sumsum\Documents\GitHub\MA\Dokumente\Thesis\chapters/acknowledgement.
aux)
(C:\Users\sumsum\Documents\GitHub\MA\Dokumente\Thesis\chapters/introduction.aux
)
(C:\Users\sumsum\Documents\GitHub\MA\Dokumente\Thesis\chapters/relatedWork.aux)

(C:\Users\sumsum\Documents\GitHub\MA\Dokumente\Thesis\chapters/ApplicationInGeo
marketing.aux)
(C:\Users\sumsum\Documents\GitHub\MA\Dokumente\Thesis\chapters/approaches.aux

LaTeX Warning: Label `criterias' multiply defined.


LaTeX Warning: Label `KIT' multiply defined.

) (C:\Users\sumsum\Documents\GitHub\MA\Dokumente\Thesis\chapters/comparison.aux
)
(C:\Users\sumsum\Documents\GitHub\MA\Dokumente\Thesis\chapters/applicationToGeo
marketing.aux)
(C:\Users\sumsum\Documents\GitHub\MA\Dokumente\Thesis\chapters/evaluation.aux)
(C:\Users\sumsum\Documents\GitHub\MA\Dokumente\Thesis\chapters/discussion.aux))
LaTeX Font Info:    Checking defaults for OML/cmm/m/it on input line 17.
LaTeX Font Info:    ... okay on input line 17.
LaTeX Font Info:    Checking defaults for T1/cmr/m/n on input line 17.
LaTeX Font Info:    ... okay on input line 17.
LaTeX Font Info:    Checking defaults for OT1/cmr/m/n on input line 17.
LaTeX Font Info:    ... okay on input line 17.
LaTeX Font Info:    Checking defaults for OMS/cmsy/m/n on input line 17.
LaTeX Font Info:    ... okay on input line 17.
LaTeX Font Info:    Checking defaults for OMX/cmex/m/n on input line 17.
LaTeX Font Info:    ... okay on input line 17.
LaTeX Font Info:    Checking defaults for U/cmr/m/n on input line 17.
LaTeX Font Info:    ... okay on input line 17.
LaTeX Font Info:    Checking defaults for PD1/pdf/m/n on input line 17.
LaTeX Font Info:    ... okay on input line 17.
LaTeX Font Info:    Checking defaults for PU/pdf/m/n on input line 17.
LaTeX Font Info:    ... okay on input line 17.
\c@lstlisting=\count184
Package scrhack Info: undefining \float@addtolists on input line 17.
\AtBeginShipoutBox=\box71
Package backref Info: ** backref set up for natbib ** on input line 17.
Package hyperref Info: Link coloring ON on input line 17.
("C:\Program Files (x86)\MiKTeX 2.9\tex\latex\hyperref\nameref.sty"
Package: nameref 2012/10/27 v2.43 Cross-referencing by name of section

("C:\Program Files (x86)\MiKTeX 2.9\tex\generic\oberdiek\gettitlestring.sty"
Package: gettitlestring 2010/12/03 v1.4 Cleanup title references (HO)
)
\c@section@level=\count185
)
LaTeX Info: Redefining \ref on input line 17.
LaTeX Info: Redefining \pageref on input line 17.
LaTeX Info: Redefining \nameref on input line 17.

(C:\Users\sumsum\Documents\GitHub\MA\Dokumente\Thesis\thesis.out)
(C:\Users\sumsum\Documents\GitHub\MA\Dokumente\Thesis\thesis.out)
\@outlinefile=\write7

*geometry* detected driver: pdftex
*geometry* verbose mode - [ preamble ] result:
* driver: pdftex
* paper: a4paper
* layout: <same size as paper>
* layoutoffset:(h,v)=(0.0pt,0.0pt)
* modes: includehead includefoot 
* h-part:(L,W,R)=(85.35826pt, 441.01773pt, 71.13188pt)
* v-part:(T,H,B)=(42.67912pt, 759.6886pt, 42.67912pt)
* \paperwidth=597.50787pt
* \paperheight=845.04684pt
* \textwidth=392.64815pt
* \textheight=662.94934pt
* \oddsidemargin=48.36958pt
* \evensidemargin=85.35826pt
* \topmargin=-29.59087pt
* \headheight=19.91692pt
* \headsep=34.14322pt
* \topskip=11.0pt
* \footskip=42.67912pt
* \marginparwidth=85.35826pt
* \marginparsep=10.0pt
* \columnsep=10.0pt
* \skip\footins=10.0pt plus 4.0pt minus 2.0pt
* \hoffset=0.0pt
* \voffset=0.0pt
* \mag=1000
* \@twocolumnfalse
* \@twosidefalse
* \@mparswitchfalse
* \@reversemargintrue
* (1in=72.27pt=25.4mm, 1cm=28.453pt)

ABD: EveryShipout initializing macros
Package caption Info: Begin \AtBeginDocument code.
Package caption Info: End \AtBeginDocument code.
Package marginnote Info: \pdfoutput not 0 and \pdflastxpos available.
(marginnote)             Extended position detection mode activated.
 ABD: EverySelectfont initializing macros
LaTeX Info: Redefining \selectfont on input line 17.

(C:\Users\sumsum\Documents\GitHub\MA\Dokumente\Thesis\chapters/titelseite.tex
File: images/WWU_Logo1_1c.jpg Graphic file (type QTm)

<use  "images/WWU_Logo1_1c.jpg" >
File: images/microm.jpg Graphic file (type QTm)
 <use  "images/microm.jpg" >
Overfull \hbox (24.46814pt too wide) in paragraph at lines 17--18
[][] 
 []

Requested font "cmr17" at 24.88pt
Requested font "cmr12" at 12.0pt
) ("C:\Program Files (x86)\MiKTeX 2.9\tex\generic\oberdiek\se-ascii-print.def"
File: se-ascii-print.def 2011/12/02 v1.10 stringenc: Printable ASCII characters

) [1


]
(C:\Users\sumsum\Documents\GitHub\MA\Dokumente\Thesis\chapters/declaration.tex

LaTeX Font Warning: Font shape `OT1/cmr/m/n' in size <20> not available
(Font)              size <20.74> substituted on input line 2.

Requested font "cmr17" at 20.74pt
) [2


]
(C:\Users\sumsum\Documents\GitHub\MA\Dokumente\Thesis\chapters/abstract.tex)

Package Fancyhdr Warning: \headheight is too small (19.91692pt): 
 Make it at least 23.11996pt.
 We now make it that large for the rest of the document.
 This may cause the page layout to be inconsistent, however.

Requested font "cmbx10" at 10.0pt
[3



]
(C:\Users\sumsum\Documents\GitHub\MA\Dokumente\Thesis\chapters/acknowledgement.
tex) [4



] (C:\Users\sumsum\Documents\GitHub\MA\Dokumente\Thesis\thesis.toc
Requested font "cmbx10" at 10.95pt
Requested font "cmr8" at 8.0pt
Requested font "cmr6" at 6.0pt
Requested font "cmmi10" at 10.95pt
Requested font "cmmi8" at 8.0pt
Requested font "cmmi6" at 6.0pt
Requested font "cmsy10" at 10.95pt
Requested font "cmsy8" at 8.0pt
Requested font "cmsy6" at 6.0pt
Requested font "cmex10" at 10.95pt
Requested font "cmex8" at 8.0pt
Requested font "cmex7" at 6.0pt
LaTeX Font Info:    Try loading font information for U+msa on input line 24.

("C:\Program Files (x86)\MiKTeX 2.9\tex\latex\amsfonts\umsa.fd"
File: umsa.fd 2013/01/14 v3.01 AMS symbols A
)
Requested font "msam10" at 10.95pt
Requested font "msam10" at 8.0pt
Requested font "msam7" at 6.0pt
LaTeX Font Info:    Try loading font information for U+msb on input line 24.

("C:\Program Files (x86)\MiKTeX 2.9\tex\latex\amsfonts\umsb.fd"
File: umsb.fd 2013/01/14 v3.01 AMS symbols B
)
Requested font "msbm10" at 10.95pt
Requested font "msbm10" at 8.0pt
Requested font "msbm7" at 6.0pt
 [5

]
Overfull \hbox (3.04161pt too wide) in paragraph at lines 47--47
 []|| [][][]\OT1/cmr/bx/n/10.95 Application of Al-loc-MinDis-t-Lo-calSearch to 
Ge-o-mar-ket-ing anal- 
 []

)
\tf@toc=\write8
 [6]
(C:\Users\sumsum\Documents\GitHub\MA\Dokumente\Thesis\chapters/introduction.tex

LaTeX Font Warning: Font shape `OT1/cmr/m/n' in size <15> not available
(Font)              size <14.4> substituted on input line 3.

Requested font "cmr12" at 14.4pt

Package caption Warning: The option `hypcap=true' will be ignored for this
(caption)                particular \caption on input line 7.
See the caption package documentation for explanation.

Requested font "cmti10" at 10.0pt
File: images/geomarketing.jpg Graphic file (type QTm)
<use  "images/geomarketing.jpg" > [7


]

Package caption Warning: The option `hypcap=true' will be ignored for this
(caption)                particular \caption on input line 12.
See the caption package documentation for explanation.

File: images/stacks.jpg Graphic file (type QTm)
<use  "images/stacks.jpg" > [8]
Overfull \hbox (2.34317pt too wide) in paragraph at lines 14--15
\OT1/cmr/m/n/10.95 demographic, psy-choso-cial, eco-nomic and con-sump-tion pro
p-er-ties like in-come, prod-
 []

[9]

Package caption Warning: The option `hypcap=true' will be ignored for this
(caption)                particular \caption on input line 19.
See the caption package documentation for explanation.

File: images/mapchart.png Graphic file (type QTm)
<use  "images/mapchart.png" > [10]) [11] [12]
(C:\Users\sumsum\Documents\GitHub\MA\Dokumente\Thesis\chapters/relatedWork.tex

Package caption Warning: The option `hypcap=true' will be ignored for this
(caption)                particular \caption on input line 7.
See the caption package documentation for explanation.

File: images/kit_alg.jpg Graphic file (type QTm)
<use  "images/kit_alg.jpg" > [13


]
LaTeX Font Info:    Try loading font information for OMS+cmr on input line 11.

("C:\Program Files (x86)\MiKTeX 2.9\tex\latex\base\omscmr.fd"
File: omscmr.fd 1999/05/25 v2.5h Standard LaTeX font definitions
)
LaTeX Font Info:    Font shape `OMS/cmr/m/n' in size <10.95> not available
(Font)              Font shape `OMS/cmsy/m/n' tried instead on input line 11.
 [14]
Package marginnote Info: Margin note 15.1 is on absolute page 15
(marginnote)              on input line 24.
Package marginnote Info: right page because not two side mode on input line 24.



Package caption Warning: The option `hypcap=true' will be ignored for this
(caption)                particular \caption on input line 24.
See the caption package documentation for explanation.

Package marginnote Info: xpos seems to be 124.28957pt,
(marginnote)             \marginnoteleftadjust ignored on input line 24.

Package caption Warning: The option `hypcap=true' will be ignored for this
(caption)                particular \caption on input line 36.
See the caption package documentation for explanation.

File: images/kit_liz.jpg Graphic file (type QTm)
<use  "images/kit_liz.jpg" >

Package caption Warning: The option `hypcap=true' will be ignored for this
(caption)                particular \caption on input line 40.
See the caption package documentation for explanation.

File: images/kit_lizard_opt.jpg Graphic file (type QTm)
<use  "images/kit_lizard_opt.jpg" > [15] [16]

Package caption Warning: The option `hypcap=true' will be ignored for this
(caption)                particular \caption on input line 46.
See the caption package documentation for explanation.

File: images/easymap.jpg Graphic file (type QTm)
<use  "images/easymap.jpg" > [17]

Package caption Warning: The option `hypcap=true' will be ignored for this
(caption)                particular \caption on input line 56.
See the caption package documentation for explanation.

File: images/simtool.jpg Graphic file (type QTm)
<use  "images/simtool.jpg" > [18]) [19]
(C:\Users\sumsum\Documents\GitHub\MA\Dokumente\Thesis\chapters/ApplicationInGeo
marketing.tex [20


]

LaTeX Font Warning: Font shape `OT1/cmr/m/n' in size <13> not available
(Font)              size <12> substituted on input line 13.

Requested font "cmti10" at 10.95pt
Requested font "cmti8" at 8.0pt
Requested font "cmti7" at 6.0pt
[21]

Package caption Warning: The option `hypcap=true' will be ignored for this
(caption)                particular \caption on input line 20.
See the caption package documentation for explanation.

File: images/basicAreas.jpg Graphic file (type QTm)
<use  "images/basicAreas.jpg" > [22]
Underfull \hbox (badness 10000) in paragraph at lines 43--44

 []

[23]

Package caption Warning: The option `hypcap=true' will be ignored for this
(caption)                particular \caption on input line 52.
See the caption package documentation for explanation.

File: images/balanced_notbalanced.jpg Graphic file (type QTm)
<use  "images/balanced_notbalanced.jpg" >
Underfull \hbox (badness 10000) in paragraph at lines 55--56

 []


Package caption Warning: The option `hypcap=true' will be ignored for this
(caption)                particular \caption on input line 59.
See the caption package documentation for explanation.

File: images/coherent_notcoherent.jpg Graphic file (type QTm)
<use  "images/coherent_notcoherent.jpg" > [24]
Underfull \hbox (badness 10000) in paragraph at lines 61--62

 []


Package caption Warning: The option `hypcap=true' will be ignored for this
(caption)                particular \caption on input line 65.
See the caption package documentation for explanation.

File: images/compact_notcompact.jpg Graphic file (type QTm)
<use  "images/compact_notcompact.jpg" > [25] [26]

Package caption Warning: The option `hypcap=true' will be ignored for this
(caption)                particular \caption on input line 82.
See the caption package documentation for explanation.

File: images/wahlkreise.jpg Graphic file (type QTm)
<use  "images/wahlkreise.jpg" >

Package caption Warning: The option `hypcap=true' will be ignored for this
(caption)                particular \caption on input line 88.
See the caption package documentation for explanation.

File: images/map_historic.jpg Graphic file (type QTm)
<use  "images/map_historic.jpg" > [27]

Package caption Warning: The option `hypcap=true' will be ignored for this
(caption)                particular \caption on input line 92.
See the caption package documentation for explanation.

File: images/salesdistriction1.jpg Graphic file (type QTm)
<use  "images/salesdistriction1.jpg" > [28]

Package caption Warning: The option `hypcap=true' will be ignored for this
(caption)                particular \caption on input line 96.
See the caption package documentation for explanation.

File: images/salesdistriction2.jpg Graphic file (type QTm)
<use  "images/salesdistriction2.jpg" > [29]

Package caption Warning: The option `hypcap=true' will be ignored for this
(caption)                particular \caption on input line 101.
See the caption package documentation for explanation.

File: images/whitespot.jpg Graphic file (type QTm)
<use  "images/whitespot.jpg" >) [30]
(C:\Users\sumsum\Documents\GitHub\MA\Dokumente\Thesis\chapters/approaches.tex
Overfull \hbox (0.22528pt too wide) in paragraph at lines 2--2
 |[]\OT1/cmr/m/n/14.4 Requirements of ap-proaches con-sid-er-ing ge-o-mar-ket-i
ng anal-
 []

[31


] [32] [33]
Package marginnote Info: Margin note 34.1 is on absolute page 34
(marginnote)              on input line 20.
Package marginnote Info: right page because not two side mode on input line 20.



Package caption Warning: The option `hypcap=true' will be ignored for this
(caption)                particular \caption on input line 20.
See the caption package documentation for explanation.

Package marginnote Info: xpos seems to be 124.28957pt,
(marginnote)             \marginnoteleftadjust ignored on input line 20.

Underfull \hbox (badness 10000) in paragraph at lines 25--25
[]|\OT1/cmr/m/n/10.95 short
 []


Underfull \hbox (badness 10000) in paragraph at lines 33--34
[]\OT1/cmr/m/n/10.95 chooses best so-
 []


Underfull \hbox (badness 10000) in paragraph at lines 33--34
\OT1/cmr/m/n/10.95 lu-tion of sev-eral
 []


Underfull \hbox (badness 10000) in paragraph at lines 48--49
[]\OT1/cmr/m/n/10.95 do not need a
 []


Underfull \hbox (badness 10000) in paragraph at lines 49--50
[]\OT1/cmr/m/n/10.95 easy to im-ple-
 []


Underfull \hbox (badness 10000) in paragraph at lines 50--51
[]\OT1/cmr/m/n/10.95 usable for one or
 []


Underfull \hbox (badness 10000) in paragraph at lines 60--61
[]\OT1/cmr/m/n/10.95 territories may
 []


Underfull \hbox (badness 10000) in paragraph at lines 60--61
\OT1/cmr/m/n/10.95 not well bal-
 []


Underfull \hbox (badness 10000) in paragraph at lines 60--61
\OT1/cmr/m/n/10.95 anced or not
 []


Underfull \hbox (badness 10000) in paragraph at lines 61--62
[]\OT1/cmr/m/n/10.95 calculation time
 []


Underfull \hbox (badness 10000) in paragraph at lines 61--62
\OT1/cmr/m/n/10.95 still too high
 []


Underfull \hbox (badness 10000) in paragraph at lines 61--62
\OT1/cmr/m/n/10.95 caused by split
 []


Underfull \hbox (badness 10000) in paragraph at lines 62--63
[]\OT1/cmr/m/n/10.95 just one cri-te-
 []


Underfull \hbox (badness 10000) in paragraph at lines 62--63
\OT1/cmr/m/n/10.95 rion ap-pli-ca-ble
 []


Underfull \hbox (badness 10000) in paragraph at lines 69--70
[]\OT1/cmr/m/n/10.95 useable just for
 []


Underfull \hbox (badness 10000) in paragraph at lines 76--77
[]\OT1/cmr/m/n/10.95 difficult to de-
 []


Underfull \hbox (badness 10000) in paragraph at lines 76--77
\OT1/cmr/m/n/10.95 ter-mine a fore-
 []


Underfull \hbox (badness 10000) in paragraph at lines 76--77
\OT1/cmr/m/n/10.95 cast about the
 []


Underfull \hbox (badness 10000) in paragraph at lines 76--77
\OT1/cmr/m/n/10.95 qual-ity of the
 []


Underfull \hbox (badness 10000) in paragraph at lines 76--77
\OT1/cmr/m/n/10.95 re-sult pre-vi-ously
 []

[34] [35] [36] [37]
Package marginnote Info: Margin note 38.1 is on absolute page 38
(marginnote)              on input line 100.
Package marginnote Info: right page because not two side mode on input line 100
.


Package caption Warning: The option `hypcap=true' will be ignored for this
(caption)                particular \caption on input line 100.
See the caption package documentation for explanation.

Package marginnote Info: xpos seems to be 124.28957pt,
(marginnote)             \marginnoteleftadjust ignored on input line 100.

Overfull \hbox (2.43764pt too wide) in paragraph at lines 101--130
[][] 
 []

[38]
Overfull \hbox (34.0864pt too wide) in paragraph at lines 134--134
 |[]\OT1/cmr/m/n/20.74 Implementation of area seg-men-ta-tion ap-proaches| 
 []


Package caption Warning: The option `hypcap=true' will be ignored for this
(caption)                particular \caption on input line 145.
See the caption package documentation for explanation.

File: images/basicAreasboth.jpg Graphic file (type QTm)
<use  "images/basicAreasboth.jpg" > [39]

Package caption Warning: The option `hypcap=true' will be ignored for this
(caption)                particular \caption on input line 155.
See the caption package documentation for explanation.

File: images/basicAreasLocations.jpg Graphic file (type QTm)
<use  "images/basicAreasLocations.jpg" > [40]
Package marginnote Info: Margin note 41.1 is on absolute page 41
(marginnote)              on input line 163.
Package marginnote Info: right page because not two side mode on input line 163
.


Package caption Warning: The option `hypcap=true' will be ignored for this
(caption)                particular \caption on input line 163.
See the caption package documentation for explanation.

Package marginnote Info: xpos seems to be 124.28957pt,
(marginnote)             \marginnoteleftadjust ignored on input line 163.

Overfull \hbox (2.43765pt too wide) in paragraph at lines 164--184
[][] 
 []


Package caption Warning: The option `hypcap=true' will be ignored for this
(caption)                particular \caption on input line 194.
See the caption package documentation for explanation.

File: images/AllocCritworkflow.jpg Graphic file (type QTm)
<use  "images/AllocCritworkflow.jpg" > [41]

Package caption Warning: The option `hypcap=true' will be ignored for this
(caption)                particular \caption on input line 196.
See the caption package documentation for explanation.

File: images/AllocCrit.jpg Graphic file (type QTm)
<use  "images/AllocCrit.jpg" > [42]
Package marginnote Info: Margin note 43.1 is on absolute page 43
(marginnote)              on input line 201.
Package marginnote Info: right page because not two side mode on input line 201
.


Package caption Warning: The option `hypcap=true' will be ignored for this
(caption)                particular \caption on input line 201.
See the caption package documentation for explanation.

Package marginnote Info: xpos seems to be 124.28957pt,
(marginnote)             \marginnoteleftadjust ignored on input line 201.

Overfull \hbox (22.2061pt too wide) in paragraph at lines 202--240
[][] 
 []

[43]

Package caption Warning: The option `hypcap=true' will be ignored for this
(caption)                particular \caption on input line 250.
See the caption package documentation for explanation.

File: images/AllocDistworkflow.jpg Graphic file (type QTm)
<use  "images/AllocDistworkflow.jpg" > [44]

Package caption Warning: The option `hypcap=true' will be ignored for this
(caption)                particular \caption on input line 253.
See the caption package documentation for explanation.

File: images/AllocDist.jpg Graphic file (type QTm)
<use  "images/AllocDist.jpg" > [45]
Package marginnote Info: Margin note 46.1 is on absolute page 46
(marginnote)              on input line 258.
Package marginnote Info: right page because not two side mode on input line 258
.


Package caption Warning: The option `hypcap=true' will be ignored for this
(caption)                particular \caption on input line 258.
See the caption package documentation for explanation.

Package marginnote Info: xpos seems to be 124.28957pt,
(marginnote)             \marginnoteleftadjust ignored on input line 258.

Overfull \hbox (22.2061pt too wide) in paragraph at lines 259--297
[][] 
 []

[46]

Package caption Warning: The option `hypcap=true' will be ignored for this
(caption)                particular \caption on input line 311.
See the caption package documentation for explanation.

File: images/Eatupworkflow.jpg Graphic file (type QTm)
<use  "images/Eatupworkflow.jpg" >

Package caption Warning: The option `hypcap=true' will be ignored for this
(caption)                particular \caption on input line 313.
See the caption package documentation for explanation.

File: images/Eatup.jpg Graphic file (type QTm)
<use  "images/Eatup.jpg" > [47]
Package marginnote Info: Margin note 48.1 is on absolute page 48
(marginnote)              on input line 318.
Package marginnote Info: right page because not two side mode on input line 318
.


Package caption Warning: The option `hypcap=true' will be ignored for this
(caption)                particular \caption on input line 318.
See the caption package documentation for explanation.

Package marginnote Info: xpos seems to be 124.28957pt,
(marginnote)             \marginnoteleftadjust ignored on input line 318.

Overfull \hbox (22.2061pt too wide) in paragraph at lines 319--357
[][] 
 []

[48]

Package caption Warning: The option `hypcap=true' will be ignored for this
(caption)                particular \caption on input line 368.
See the caption package documentation for explanation.

File: images/SmallestCritGetsNearestworkflow.jpg Graphic file (type QTm)
<use  "images/SmallestCritGetsNearestworkflow.jpg" > [49]

Package caption Warning: The option `hypcap=true' will be ignored for this
(caption)                particular \caption on input line 371.
See the caption package documentation for explanation.

File: images/smallestcritgetsnearest.jpg Graphic file (type QTm)
<use  "images/smallestcritgetsnearest.jpg" > [50]
Package marginnote Info: Margin note 51.1 is on absolute page 51
(marginnote)              on input line 376.
Package marginnote Info: right page because not two side mode on input line 376
.


Package caption Warning: The option `hypcap=true' will be ignored for this
(caption)                particular \caption on input line 376.
See the caption package documentation for explanation.

Package marginnote Info: xpos seems to be 124.28957pt,
(marginnote)             \marginnoteleftadjust ignored on input line 376.

Overfull \hbox (22.2061pt too wide) in paragraph at lines 377--415
[][] 
 []

[51]

Package caption Warning: The option `hypcap=true' will be ignored for this
(caption)                particular \caption on input line 424.
See the caption package documentation for explanation.

File: images/SmallestCritGetsTrueNearestworkflow.jpg Graphic file (type QTm)
<use  "images/SmallestCritGetsTrueNearestworkflow.jpg" > [52] [53]

Package caption Warning: The option `hypcap=true' will be ignored for this
(caption)                particular \caption on input line 427.
See the caption package documentation for explanation.

File: images/smallestcritgetstruenearest.jpg Graphic file (type QTm)
<use  "images/smallestcritgetstruenearest.jpg" >
Package marginnote Info: Margin note 54.1 is on absolute page 54
(marginnote)              on input line 432.
Package marginnote Info: right page because not two side mode on input line 432
.


Package caption Warning: The option `hypcap=true' will be ignored for this
(caption)                particular \caption on input line 432.
See the caption package documentation for explanation.

Package marginnote Info: xpos seems to be 124.28957pt,
(marginnote)             \marginnoteleftadjust ignored on input line 432.

Overfull \hbox (22.2061pt too wide) in paragraph at lines 433--471
[][] 
 []

[54]

Package caption Warning: The option `hypcap=true' will be ignored for this
(caption)                particular \caption on input line 482.
See the caption package documentation for explanation.

File: images/critdistinoutininoutworkflow.jpg Graphic file (type QTm)
<use  "images/critdistinoutininoutworkflow.jpg" > [55]

Package caption Warning: The option `hypcap=true' will be ignored for this
(caption)                particular \caption on input line 485.
See the caption package documentation for explanation.

File: images/outsidesmallestcritgetsnearest.jpg Graphic file (type QTm)
<use  "images/outsidesmallestcritgetsnearest.jpg" > [56]
Package marginnote Info: Margin note 57.1 is on absolute page 57
(marginnote)              on input line 490.
Package marginnote Info: right page because not two side mode on input line 490
.


Package caption Warning: The option `hypcap=true' will be ignored for this
(caption)                particular \caption on input line 490.
See the caption package documentation for explanation.

Package marginnote Info: xpos seems to be 124.28957pt,
(marginnote)             \marginnoteleftadjust ignored on input line 490.

Overfull \hbox (22.2061pt too wide) in paragraph at lines 491--529
[][] 
 []

[57]

Package caption Warning: The option `hypcap=true' will be ignored for this
(caption)                particular \caption on input line 538.
See the caption package documentation for explanation.

File: images/EatupDistworkflow.jpg Graphic file (type QTm)
<use  "images/EatupDistworkflow.jpg" > [58]

Package caption Warning: The option `hypcap=true' will be ignored for this
(caption)                particular \caption on input line 541.
See the caption package documentation for explanation.

File: images/EatupDist.jpg Graphic file (type QTm)
<use  "images/EatupDist.jpg" > [59]
Package marginnote Info: Margin note 60.1 is on absolute page 60
(marginnote)              on input line 546.
Package marginnote Info: right page because not two side mode on input line 546
.


Package caption Warning: The option `hypcap=true' will be ignored for this
(caption)                particular \caption on input line 546.
See the caption package documentation for explanation.

Package marginnote Info: xpos seems to be 124.28957pt,
(marginnote)             \marginnoteleftadjust ignored on input line 546.

Overfull \hbox (22.2061pt too wide) in paragraph at lines 547--585
[][] 
 []

[60]

Package caption Warning: The option `hypcap=true' will be ignored for this
(caption)                particular \caption on input line 593.
See the caption package documentation for explanation.

File: images/AllocMinDistLocalSearchworkflow.jpg Graphic file (type QTm)
<use  "images/AllocMinDistLocalSearchworkflow.jpg" > [61]

Package caption Warning: The option `hypcap=true' will be ignored for this
(caption)                particular \caption on input line 596.
See the caption package documentation for explanation.

File: images/AllocMinDistLocalSearch.jpg Graphic file (type QTm)
<use  "images/AllocMinDistLocalSearch.jpg" >
Package marginnote Info: Margin note 62.1 is on absolute page 63
(marginnote)              on input line 601.
Package marginnote Info: right page because not two side mode on input line 601
.


Package caption Warning: The option `hypcap=true' will be ignored for this
(caption)                particular \caption on input line 601.
See the caption package documentation for explanation.

Package marginnote Info: xpos seems to be 124.28957pt,
(marginnote)             \marginnoteleftadjust ignored on input line 601.

Overfull \hbox (22.2061pt too wide) in paragraph at lines 602--640
[][] 
 []

[62]) [63] [64]
(C:\Users\sumsum\Documents\GitHub\MA\Dokumente\Thesis\chapters/comparison.tex
[65


]
Underfull \hbox (badness 10000) in paragraph at lines 22--24

 []

[66]
Underfull \hbox (badness 10000) in paragraph at lines 34--34
[]|\OT1/cmr/m/n/10.95 zip-
 []

File: images/AllocCritplz5.jpg Graphic file (type QTm)
<use  "images/AllocCritplz5.jpg" >
Overfull \hbox (5.23236pt too wide) in paragraph at lines 35--37
 []| 
 []

File: images/AllocDistPlz5.jpg Graphic file (type QTm)
<use  "images/AllocDistPlz5.jpg" >
Overfull \hbox (5.23236pt too wide) in paragraph at lines 38--40
 []| 
 []

File: images/eatupplz5.jpg Graphic file (type QTm)
<use  "images/eatupplz5.jpg" >
Overfull \hbox (5.23236pt too wide) in paragraph at lines 41--43
 []| 
 []

File: images/smallestcritgetsnearestplz8.jpg Graphic file (type QTm)
<use  "images/smallestcritgetsnearestplz8.jpg" >
Overfull \hbox (5.23236pt too wide) in paragraph at lines 44--46
 []| 
 []

File: images/smallestcritgetstruenearestplz5.jpg Graphic file (type QTm)
<use  "images/smallestcritgetstruenearestplz5.jpg" >
Overfull \hbox (5.23236pt too wide) in paragraph at lines 47--49
 []| 
 []

File: images/Outsidesmallestcritgetsnearestplz5.jpg Graphic file (type QTm)
<use  "images/Outsidesmallestcritgetsnearestplz5.jpg" >
Overfull \hbox (5.23236pt too wide) in paragraph at lines 50--52
 []| 
 []

File: images/eatupDistplz5.jpg Graphic file (type QTm)
<use  "images/eatupDistplz5.jpg" >
Overfull \hbox (5.23236pt too wide) in paragraph at lines 53--55
 []| 
 []

File: images/AllocMinDistLocalSearchplz5.jpg Graphic file (type QTm)
<use  "images/AllocMinDistLocalSearchplz5.jpg" >
Overfull \hbox (5.23236pt too wide) in paragraph at lines 56--59
 []| 
 []


Underfull \hbox (badness 10000) in paragraph at lines 60--60
[]|\OT1/cmr/m/n/10.95 zip-
 []

File: images/AllocCritplz8.jpg Graphic file (type QTm)
<use  "images/AllocCritplz8.jpg" >
Overfull \hbox (5.23236pt too wide) in paragraph at lines 61--63
 []| 
 []

File: images/AllocDistplz8.jpg Graphic file (type QTm)
<use  "images/AllocDistplz8.jpg" >
Overfull \hbox (5.23236pt too wide) in paragraph at lines 64--66
 []| 
 []

File: images/eatupplz8.jpg Graphic file (type QTm)
<use  "images/eatupplz8.jpg" >
Overfull \hbox (5.23236pt too wide) in paragraph at lines 66--68
 []| 
 []

File: images/smallestcritgetsnearestplz8.jpg Graphic file (type QTm)
<use  "images/smallestcritgetsnearestplz8.jpg" >
Overfull \hbox (5.23236pt too wide) in paragraph at lines 68--70
 []| 
 []

File: images/smallestcritgetstruenearestplz8.jpg Graphic file (type QTm)
<use  "images/smallestcritgetstruenearestplz8.jpg" >
Overfull \hbox (5.23236pt too wide) in paragraph at lines 70--72
 []| 
 []

File: images/Outsidesmallestcritgetsnearestplz8.jpg Graphic file (type QTm)
<use  "images/Outsidesmallestcritgetsnearestplz8.jpg" >
Overfull \hbox (5.23236pt too wide) in paragraph at lines 72--74
 []| 
 []

File: images/eatupDistplz8.jpg Graphic file (type QTm)
<use  "images/eatupDistplz8.jpg" >
Overfull \hbox (5.23236pt too wide) in paragraph at lines 74--76
 []| 
 []

File: images/AllocMinDistLocalSearchplz8.jpg Graphic file (type QTm)
<use  "images/AllocMinDistLocalSearchplz8.jpg" >
Overfull \hbox (5.23236pt too wide) in paragraph at lines 76--79
 []| 
 []


Underfull \hbox (badness 1117) in paragraph at lines 83--83
 []|\OT1/cmr/m/n/10.95 125|
 []


Underfull \hbox (badness 2050) in paragraph at lines 86--86
 []|\OT1/cmr/m/n/10.95 1|
 []


Underfull \hbox (badness 1292) in paragraph at lines 89--89
 []|\OT1/cmr/m/n/10.95 0.5|
 []


Underfull \hbox (badness 1292) in paragraph at lines 89--89
 []|\OT1/cmr/m/n/10.95 0.4|
 []


Overfull \hbox (1.03471pt too wide) in alignment at lines 30--105
 [] [] [] [] [] [] [] [] [] 
 []


Underfull \vbox (badness 10000) detected at line 105
 []


Overfull \hbox (4.33707pt too wide) in paragraph at lines 111--111
 []|\OT1/cmr/m/n/10.95 AllocMinDist| 
 []


Overfull \hbox (3.60706pt too wide) in paragraph at lines 111--111
 \OT1/cmr/m/n/10.95 SmallestCrit- 
 []


Underfull \hbox (badness 1521) in paragraph at lines 113--113
 []|\OT1/cmr/m/n/10.95 8|
 []


Underfull \hbox (badness 1521) in paragraph at lines 113--113
 []|\OT1/cmr/m/n/10.95 1|
 []


Underfull \hbox (badness 1521) in paragraph at lines 113--113
 []|\OT1/cmr/m/n/10.95 4|
 []


Underfull \hbox (badness 1521) in paragraph at lines 113--113
 []|\OT1/cmr/m/n/10.95 7|
 []


Underfull \hbox (badness 1521) in paragraph at lines 113--113
 []|\OT1/cmr/m/n/10.95 9|
 []


Underfull \hbox (badness 1521) in paragraph at lines 113--113
 []|\OT1/cmr/m/n/10.95 1|
 []


Underfull \hbox (badness 1521) in paragraph at lines 113--113
 []|\OT1/cmr/m/n/10.95 2|
 []


Underfull \hbox (badness 1521) in paragraph at lines 113--115
 []|\OT1/cmr/m/n/10.95 9|
 []


Underfull \hbox (badness 1102) in paragraph at lines 116--116
 []|\OT1/cmr/m/n/10.95 10|
 []


Underfull \hbox (badness 1521) in paragraph at lines 116--116
 []|\OT1/cmr/m/n/10.95 1|
 []


Underfull \hbox (badness 1102) in paragraph at lines 116--116
 []|\OT1/cmr/m/n/10.95 10|
 []


Underfull \hbox (badness 1102) in paragraph at lines 116--116
 []|\OT1/cmr/m/n/10.95 10|
 []


Underfull \hbox (badness 1102) in paragraph at lines 116--116
 []|\OT1/cmr/m/n/10.95 10|
 []


Underfull \hbox (badness 1521) in paragraph at lines 116--116
 []|\OT1/cmr/m/n/10.95 5|
 []


Underfull \hbox (badness 1102) in paragraph at lines 116--116
 []|\OT1/cmr/m/n/10.95 10|
 []


Underfull \hbox (badness 1102) in paragraph at lines 116--118
 []|\OT1/cmr/m/n/10.95 10|
 []


Underfull \hbox (badness 1521) in paragraph at lines 119--119
 []|\OT1/cmr/m/n/10.95 4|
 []


Underfull \hbox (badness 1102) in paragraph at lines 119--119
 []|\OT1/cmr/m/n/10.95 10|
 []


Underfull \hbox (badness 1521) in paragraph at lines 119--119
 []|\OT1/cmr/m/n/10.95 5|
 []


Underfull \hbox (badness 1521) in paragraph at lines 119--119
 []|\OT1/cmr/m/n/10.95 8|
 []


Underfull \hbox (badness 1521) in paragraph at lines 119--119
 []|\OT1/cmr/m/n/10.95 8|
 []


Underfull \hbox (badness 1521) in paragraph at lines 119--119
 []|\OT1/cmr/m/n/10.95 9|
 []


Underfull \hbox (badness 1521) in paragraph at lines 119--119
 []|\OT1/cmr/m/n/10.95 9|
 []


Underfull \hbox (badness 1102) in paragraph at lines 119--121
 []|\OT1/cmr/m/n/10.95 10|
 []


Underfull \hbox (badness 1521) in paragraph at lines 122--122
 []|\OT1/cmr/m/n/10.95 1|
 []


Underfull \hbox (badness 1102) in paragraph at lines 122--122
 []|\OT1/cmr/m/n/10.95 10|
 []


Underfull \hbox (badness 1521) in paragraph at lines 122--122
 []|\OT1/cmr/m/n/10.95 6|
 []


Underfull \hbox (badness 1521) in paragraph at lines 122--122
 []|\OT1/cmr/m/n/10.95 3|
 []


Underfull \hbox (badness 1521) in paragraph at lines 122--122
 []|\OT1/cmr/m/n/10.95 3|
 []


Underfull \hbox (badness 1521) in paragraph at lines 122--122
 []|\OT1/cmr/m/n/10.95 5|
 []


Underfull \hbox (badness 1521) in paragraph at lines 122--122
 []|\OT1/cmr/m/n/10.95 6|
 []


Underfull \hbox (badness 1521) in paragraph at lines 122--124
 []|\OT1/cmr/m/n/10.95 3|
 []


Underfull \hbox (badness 1521) in paragraph at lines 125--125
 []|\OT1/cmr/m/n/10.95 2|
 []


Underfull \hbox (badness 1521) in paragraph at lines 125--125
 []|\OT1/cmr/m/n/10.95 2|
 []


Underfull \hbox (badness 1521) in paragraph at lines 125--125
 []|\OT1/cmr/m/n/10.95 2|
 []


Underfull \hbox (badness 1521) in paragraph at lines 125--125
 []|\OT1/cmr/m/n/10.95 3|
 []


Underfull \hbox (badness 1521) in paragraph at lines 125--125
 []|\OT1/cmr/m/n/10.95 3|
 []


Underfull \hbox (badness 1521) in paragraph at lines 125--125
 []|\OT1/cmr/m/n/10.95 3|
 []


Underfull \hbox (badness 1521) in paragraph at lines 125--125
 []|\OT1/cmr/m/n/10.95 2|
 []


Underfull \hbox (badness 1521) in paragraph at lines 125--127
 []|\OT1/cmr/m/n/10.95 3|
 []


Underfull \hbox (badness 1521) in paragraph at lines 128--128
 []|\OT1/cmr/m/n/10.95 1|
 []


Underfull \hbox (badness 1521) in paragraph at lines 128--128
 []|\OT1/cmr/m/n/10.95 2|
 []


Underfull \hbox (badness 1521) in paragraph at lines 128--128
 []|\OT1/cmr/m/n/10.95 2|
 []


Underfull \hbox (badness 1521) in paragraph at lines 128--128
 []|\OT1/cmr/m/n/10.95 2|
 []


Underfull \hbox (badness 1521) in paragraph at lines 128--128
 []|\OT1/cmr/m/n/10.95 1|
 []


Underfull \hbox (badness 1521) in paragraph at lines 128--128
 []|\OT1/cmr/m/n/10.95 3|
 []


Underfull \hbox (badness 1521) in paragraph at lines 128--128
 []|\OT1/cmr/m/n/10.95 3|
 []


Underfull \hbox (badness 1521) in paragraph at lines 128--130
 []|\OT1/cmr/m/n/10.95 2|
 []

[67

]
Underfull \vbox (badness 10000) detected at line 135
 []

[68] [69

] [70] [71]) [72]
(C:\Users\sumsum\Documents\GitHub\MA\Dokumente\Thesis\chapters/applicationToGeo
marketing.tex [73


]

Package caption Warning: The option `hypcap=true' will be ignored for this
(caption)                particular \caption on input line 9.
See the caption package documentation for explanation.

File: images/graphwhitepic.jpg Graphic file (type QTm)
<use  "images/graphwhitepic.jpg" > [74] [75] [76]

Package caption Warning: The option `hypcap=true' will be ignored for this
(caption)                particular \caption on input line 32.
See the caption package documentation for explanation.

File: images/areasegmentation.jpg Graphic file (type QTm)
<use  "images/areasegmentation.jpg" > [77]

Package caption Warning: The option `hypcap=true' will be ignored for this
(caption)                particular \caption on input line 37.
See the caption package documentation for explanation.

File: images/areasegmentation_workflow.jpg Graphic file (type QTm)
<use  "images/areasegmentation_workflow.jpg" > [78] [79]

Package caption Warning: The option `hypcap=true' will be ignored for this
(caption)                particular \caption on input line 41.
See the caption package documentation for explanation.

File: images/init.jpg Graphic file (type QTm)
<use  "images/init.jpg" > [80]

Package caption Warning: The option `hypcap=true' will be ignored for this
(caption)                particular \caption on input line 47.
See the caption package documentation for explanation.

File: images/greenfieldfirst.jpg Graphic file (type QTm)
<use  "images/greenfieldfirst.jpg" > [81]

Package caption Warning: The option `hypcap=true' will be ignored for this
(caption)                particular \caption on input line 53.
See the caption package documentation for explanation.

File: images/greenfield_workflow.jpg Graphic file (type QTm)
<use  "images/greenfield_workflow.jpg" >

Package caption Warning: The option `hypcap=true' will be ignored for this
(caption)                particular \caption on input line 55.
See the caption package documentation for explanation.

File: images/greenfieldend.jpg Graphic file (type QTm)
<use  "images/greenfieldend.jpg" > [82] [83]

Package caption Warning: The option `hypcap=true' will be ignored for this
(caption)                particular \caption on input line 71.
See the caption package documentation for explanation.

File: images/1_allocationToGivenLocations.png Graphic file (type QTm)
<use  "images/1_allocationToGivenLocations.png" > [84]

Package caption Warning: The option `hypcap=true' will be ignored for this
(caption)                particular \caption on input line 75.
See the caption package documentation for explanation.

File: images/2_allocationToGivenAndNewWithoutCheck.png Graphic file (type QTm)
<use  "images/2_allocationToGivenAndNewWithoutCheck.png" >

Package caption Warning: The option `hypcap=true' will be ignored for this
(caption)                particular \caption on input line 79.
See the caption package documentation for explanation.

File: images/whitespot.jpg Graphic file (type QTm)
<use  "images/whitespot.jpg" >) [85]
(C:\Users\sumsum\Documents\GitHub\MA\Dokumente\Thesis\chapters/evaluation.tex

Package caption Warning: The option `hypcap=true' will be ignored for this
(caption)                particular \caption on input line 6.
See the caption package documentation for explanation.

File: images/HH10.jpg Graphic file (type QTm)
<use  "images/HH10.jpg" > [86


]

Package caption Warning: The option `hypcap=true' will be ignored for this
(caption)                particular \caption on input line 12.
See the caption package documentation for explanation.

File: images/dtl.jpg Graphic file (type QTm)
<use  "images/dtl.jpg" > [87]) [88]
(C:\Users\sumsum\Documents\GitHub\MA\Dokumente\Thesis\chapters/discussion.tex
[89


])
Overfull \hbox (3.71193pt too wide) in paragraph at lines 7--58
\OT1/cmr/m/n/10.95 The com-par-i-son of the im-ple-mented al-go-rithm to ex-ist
-ing ge-o-mar-ket-ing tools showed
 []

[90] [91] (C:\Users\sumsum\Documents\GitHub\MA\Dokumente\Thesis\thesis.lof
[92

] [93])
\tf@lof=\write9
 [94]
(C:\Users\sumsum\Documents\GitHub\MA\Dokumente\Thesis\thesis.lot)
\tf@lot=\write10
 [95]
(C:\Users\sumsum\Documents\GitHub\MA\Dokumente\Thesis\thesis.bbl
(C:\Users\sumsum\Documents\GitHub\MA\Dokumente\Thesis\thesis.brf)
\tf@brf=\write11
 [96]
Missing character: There is no  in font cmti10!
Missing character: There is no  in font cmti10!
 [97])
[98]
Package atveryend Info: Empty hook `BeforeClearDocument' on input line 81.
Package atveryend Info: Empty hook `AfterLastShipout' on input line 81.
 (C:\Users\sumsum\Documents\GitHub\MA\Dokumente\Thesis\thesis.aux
(C:\Users\sumsum\Documents\GitHub\MA\Dokumente\Thesis\chapters/titelseite.aux)
(C:\Users\sumsum\Documents\GitHub\MA\Dokumente\Thesis\chapters/declaration.aux)
(C:\Users\sumsum\Documents\GitHub\MA\Dokumente\Thesis\chapters/abstract.aux)
(C:\Users\sumsum\Documents\GitHub\MA\Dokumente\Thesis\chapters/acknowledgement.
aux)
(C:\Users\sumsum\Documents\GitHub\MA\Dokumente\Thesis\chapters/introduction.aux
)
(C:\Users\sumsum\Documents\GitHub\MA\Dokumente\Thesis\chapters/relatedWork.aux)

(C:\Users\sumsum\Documents\GitHub\MA\Dokumente\Thesis\chapters/ApplicationInGeo
marketing.aux)
(C:\Users\sumsum\Documents\GitHub\MA\Dokumente\Thesis\chapters/approaches.aux)
(C:\Users\sumsum\Documents\GitHub\MA\Dokumente\Thesis\chapters/comparison.aux)
(C:\Users\sumsum\Documents\GitHub\MA\Dokumente\Thesis\chapters/applicationToGeo
marketing.aux)
(C:\Users\sumsum\Documents\GitHub\MA\Dokumente\Thesis\chapters/evaluation.aux)
(C:\Users\sumsum\Documents\GitHub\MA\Dokumente\Thesis\chapters/discussion.aux))
Package atveryend Info: Empty hook `AtVeryEndDocument' on input line 81.
Package atveryend Info: Empty hook `AtEndAfterFileList' on input line 81.

LaTeX Font Warning: Size substitutions with differences
(Font)              up to 1.0pt have occurred.


LaTeX Warning: There were multiply-defined labels.

Package atveryend Info: Empty hook `AtVeryVeryEnd' on input line 81.
 ) 
Here is how much of TeX's memory you used:
 32516 strings out of 429025
 572610 string characters out of 3166797
 652674 words of memory out of 3000000
 35214 multiletter control sequences out of 15000+200000
 11851 words of font info for 43 fonts, out of 3000000 for 9000
 912 hyphenation exceptions out of 8191
 70i,14n,79p,10428b,503s stack positions out of 5000i,500n,10000p,200000b,50000s

Output written on thesis.pdf (98 pages).
